Trial 101 finished with value: 0.1748032319309005 and parameters: {'translation_weight': 10, 'rotation_weight': 55, 'high_resolution': 0.2762336092428966, 'low_resolution': 0.44402518312712513}. Best is trial 4 with value: 0.09790438660565355.
[1750202211.388921261] Start trial 102
Trial 102 finished with value: 0.2354198120140606 and parameters: {'translation_weight': 2, 'rotation_weight': 34, 'high_resolution': 0.31972925844703876, 'low_resolution': 0.43582687716286356}. Best is trial 4 with value: 0.09790438660565355.
[1750202263.189456463] Start trial 103
Trial 103 finished with value: 0.4352605578171782 and parameters: {'translation_weight': 2, 'rotation_weight': 52, 'high_resolution': 0.228273403282942, 'low_resolution': 0.5093930876230208}. Best is trial 4 with value: 0.09790438660565355.
[1750202315.177657604] Start trial 104
Trial 104 finished with value: 0.38902617042549215 and parameters: {'translation_weight': 1, 'rotation_weight': 20, 'high_resolution': 0.12642821829204373, 'low_resolution': 0.4066617912244093}. Best is trial 4 with value: 0.09790438660565355.
[1750202370.224762678] Start trial 105
Trial 105 finished with value: 0.29955509799333097 and parameters: {'translation_weight': 1, 'rotation_weight': 72, 'high_resolution': 0.10105530822875367, 'low_resolution': 0.47471151897162683}. Best is trial 4 with value: 0.09790438660565355.
[1750202427.554827452] Start trial 106
Trial 106 finished with value: 0.15142514965995604 and parameters: {'translation_weight': 1, 'rotation_weight': 47, 'high_resolution': 0.13240372476770523, 'low_resolution': 0.42455399778830766}. Best is trial 4 with value: 0.09790438660565355.
[1750202481.252441168] Start trial 107
Trial 107 finished with value: 0.1316649372544395 and parameters: {'translation_weight': 1, 'rotation_weight': 49, 'high_resolution': 0.11277847405914881, 'low_resolution': 0.4256898841141196}. Best is trial 4 with value: 0.09790438660565355.
[1750202537.237930775] Start trial 108
Trial 108 finished with value: 0.12245980190560912 and parameters: {'translation_weight': 8, 'rotation_weight': 50, 'high_resolution': 0.11346354909357768, 'low_resolution': 0.46230532437551486}. Best is trial 4 with value: 0.09790438660565355.
[1750202594.371728420] Start trial 109
Trial 109 finished with value: 0.3012640136641507 and parameters: {'translation_weight': 8, 'rotation_weight': 40, 'high_resolution': 0.11198680710245836, 'low_resolution': 0.6386447026080226}. Best is trial 4 with value: 0.09790438660565355.
[1750202650.242783785] Start trial 110
Trial 110 finished with value: 0.2978966783759586 and parameters: {'translation_weight': 7, 'rotation_weight': 50, 'high_resolution': 0.1072831726693656, 'low_resolution': 0.545836111142699}. Best is trial 4 with value: 0.09790438660565355.
[1750202707.284471750] Start trial 111
Trial 111 finished with value: 0.4261653224491104 and parameters: {'translation_weight': 8, 'rotation_weight': 57, 'high_resolution': 0.11993826587728247, 'low_resolution': 0.44152227851387366}. Best is trial 4 with value: 0.09790438660565355.
[1750202762.349127769] Start trial 112
Trial 112 finished with value: 0.3064761352787582 and parameters: {'translation_weight': 7, 'rotation_weight': 61, 'high_resolution': 0.11393368052897646, 'low_resolution': 0.41743399258380254}. Best is trial 4 with value: 0.09790438660565355.
[1750202818.275719881] Start trial 113
Trial 113 finished with value: 0.4711800866412599 and parameters: {'translation_weight': 1, 'rotation_weight': 16, 'high_resolution': 0.12107177579076156, 'low_resolution': 0.4625571186487112}. Best is trial 4 with value: 0.09790438660565355.
[1750202873.193217278] Start trial 114
Trial 114 finished with value: 0.45797417329639195 and parameters: {'translation_weight': 9, 'rotation_weight': 76, 'high_resolution': 0.14345640814263386, 'low_resolution': 0.4538262274107711}. Best is trial 4 with value: 0.09790438660565355.
[1750202927.370018959] Start trial 115
Trial 115 finished with value: 0.21977933291169366 and parameters: {'translation_weight': 10, 'rotation_weight': 46, 'high_resolution': 0.12507605278171025, 'low_resolution': 0.4670554382306303}. Best is trial 4 with value: 0.09790438660565355.
[1750202982.378226280] Start trial 116
Trial 116 finished with value: 0.5069370697607821 and parameters: {'translation_weight': 8, 'rotation_weight': 51, 'high_resolution': 0.13417826249661363, 'low_resolution': 0.40024746986081816}. Best is trial 4 with value: 0.09790438660565355.
[1750203036.389942884] Start trial 117
Trial 117 finished with value: 0.26846763582760436 and parameters: {'translation_weight': 1, 'rotation_weight': 67, 'high_resolution': 0.10613351999049227, 'low_resolution': 0.48554193817765534}. Best is trial 4 with value: 0.09790438660565355.
[1750203093.376893759] Start trial 118
Trial 118 finished with value: 0.27998301779282636 and parameters: {'translation_weight': 6, 'rotation_weight': 36, 'high_resolution': 0.14864395394736427, 'low_resolution': 0.4332964409426443}. Best is trial 4 with value: 0.09790438660565355.
[1750203147.333676100] Start trial 119
Trial 119 finished with value: 0.27162358199405123 and parameters: {'translation_weight': 9, 'rotation_weight': 19, 'high_resolution': 0.11454039165410987, 'low_resolution': 0.44926679700123356}. Best is trial 4 with value: 0.09790438660565355.
[1750203203.488632202] Start trial 120
Trial 120 finished with value: 0.3120153846809921 and parameters: {'translation_weight': 10, 'rotation_weight': 54, 'high_resolution': 0.10078206998675708, 'low_resolution': 0.4236073638910817}. Best is trial 4 with value: 0.09790438660565355.
[1750203261.261656284] Start trial 121
Trial 121 finished with value: 0.3196698270721911 and parameters: {'translation_weight': 7, 'rotation_weight': 26, 'high_resolution': 0.26191674929381564, 'low_resolution': 0.40933074258854657}. Best is trial 4 with value: 0.09790438660565355.
[1750203312.310665369] Start trial 122
Trial 122 finished with value: 0.44350132070415443 and parameters: {'translation_weight': 9, 'rotation_weight': 22, 'high_resolution': 0.12929590196298288, 'low_resolution': 0.42929227109648993}. Best is trial 4 with value: 0.09790438660565355.
[1750203366.338485241] Start trial 123
Trial 123 finished with value: 0.48070077954334184 and parameters: {'translation_weight': 1, 'rotation_weight': 43, 'high_resolution': 0.1315726758320899, 'low_resolution': 0.4245564498043918}. Best is trial 4 with value: 0.09790438660565355.
[1750203420.364757538] Start trial 124
Trial 124 finished with value: 0.25421295620524614 and parameters: {'translation_weight': 1, 'rotation_weight': 48, 'high_resolution': 0.1389499379129832, 'low_resolution': 0.414405833935644}. Best is trial 4 with value: 0.09790438660565355.
[1750203474.374082804] Start trial 125
Trial 125 finished with value: 0.671827702439874 and parameters: {'translation_weight': 2, 'rotation_weight': 48, 'high_resolution': 0.24769600087667604, 'low_resolution': 0.4458670079463557}. Best is trial 4 with value: 0.09790438660565355.
[1750203526.084934950] Start trial 126
Trial 126 finished with value: 0.5709323323967439 and parameters: {'translation_weight': 1, 'rotation_weight': 50, 'high_resolution': 0.11971536562067653, 'low_resolution': 0.456631247449868}. Best is trial 4 with value: 0.09790438660565355.
[1750203581.339742899] Start trial 127
Trial 127 finished with value: 0.20367235011138585 and parameters: {'translation_weight': 1, 'rotation_weight': 46, 'high_resolution': 0.30536625344743823, 'low_resolution': 0.4208059325745391}. Best is trial 4 with value: 0.09790438660565355.
[1750203632.206153870] Start trial 128
Trial 128 finished with value: 0.25740662823575533 and parameters: {'translation_weight': 1, 'rotation_weight': 12, 'high_resolution': 0.10864584726564974, 'low_resolution': 0.43631424403136937}. Best is trial 4 with value: 0.09790438660565355.
[1750203688.264544249] Start trial 129
Trial 129 finished with value: 0.2651212556268373 and parameters: {'translation_weight': 10, 'rotation_weight': 63, 'high_resolution': 0.1350849310463034, 'low_resolution': 0.4749908731003366}. Best is trial 4 with value: 0.09790438660565355.
[1750203742.384187698] Start trial 130
Trial 130 finished with value: 0.23548319667579887 and parameters: {'translation_weight': 9, 'rotation_weight': 39, 'high_resolution': 0.11794575880763443, 'low_resolution': 0.555267281025908}. Best is trial 4 with value: 0.09790438660565355.
[1750203798.315301895] Start trial 131
Trial 131 finished with value: 1.1139325529842015 and parameters: {'translation_weight': 8, 'rotation_weight': 25, 'high_resolution': 0.12548697124713445, 'low_resolution': 0.5012855434649347}. Best is trial 4 with value: 0.09790438660565355.
[1750203853.477316141] Start trial 132
Trial 132 finished with value: 0.3810941264561865 and parameters: {'translation_weight': 10, 'rotation_weight': 15, 'high_resolution': 0.17381121848115053, 'low_resolution': 0.5954405957806786}. Best is trial 4 with value: 0.09790438660565355.
[1750203906.244206429] Start trial 133
Trial 133 finished with value: 0.1557544880424546 and parameters: {'translation_weight': 3, 'rotation_weight': 58, 'high_resolution': 0.13087844326666334, 'low_resolution': 0.4643817342582019}. Best is trial 4 with value: 0.09790438660565355.
[1750203961.169586420] Start trial 134
Trial 134 finished with value: 0.3832320267624741 and parameters: {'translation_weight': 3, 'rotation_weight': 59, 'high_resolution': 0.11203323643375802, 'low_resolution': 0.4683589078053001}. Best is trial 4 with value: 0.09790438660565355.
[1750204018.201761007] Start trial 135
Trial 135 finished with value: 0.22955049043509754 and parameters: {'translation_weight': 3, 'rotation_weight': 51, 'high_resolution': 0.15382344855323316, 'low_resolution': 0.48066894324069837}. Best is trial 4 with value: 0.09790438660565355.
[1750204071.434975147] Start trial 136
Trial 136 finished with value: 0.259953357644446 and parameters: {'translation_weight': 4, 'rotation_weight': 55, 'high_resolution': 0.1438956520994598, 'low_resolution': 0.4644890752277362}. Best is trial 4 with value: 0.09790438660565355.
[1750204125.264895916] Start trial 137
Trial 137 finished with value: 0.2692258089020178 and parameters: {'translation_weight': 1, 'rotation_weight': 42, 'high_resolution': 0.13041412321376403, 'low_resolution': 0.42822211999672527}. Best is trial 4 with value: 0.09790438660565355.
[1750204179.193366289] Start trial 138
Trial 138 finished with value: 0.3102422468480387 and parameters: {'translation_weight': 2, 'rotation_weight': 63, 'high_resolution': 0.2809842599279439, 'low_resolution': 0.4421077453757505}. Best is trial 4 with value: 0.09790438660565355.
[1750204230.211118937] Start trial 139
Trial 139 finished with value: 0.7630249012092114 and parameters: {'translation_weight': 2, 'rotation_weight': 9, 'high_resolution': 0.12307189933203087, 'low_resolution': 0.4511422334015783}. Best is trial 4 with value: 0.09790438660565355.
[1750204284.306167603] Start trial 140
Trial 140 finished with value: 0.21152222276057042 and parameters: {'translation_weight': 5, 'rotation_weight': 53, 'high_resolution': 0.1839929693778577, 'low_resolution': 0.6138009831172226}. Best is trial 4 with value: 0.09790438660565355.
[1750204336.370355368] Start trial 141
Trial 141 finished with value: 0.17058775632244247 and parameters: {'translation_weight': 1, 'rotation_weight': 17, 'high_resolution': 0.1621812801343263, 'low_resolution': 0.4053546123917364}. Best is trial 4 with value: 0.09790438660565355.
[1750204389.239452124] Start trial 142
Trial 142 finished with value: 0.31278570344053763 and parameters: {'translation_weight': 7, 'rotation_weight': 58, 'high_resolution': 0.19105197729415313, 'low_resolution': 0.4143273914139007}. Best is trial 4 with value: 0.09790438660565355.
[1750204440.915981293] Start trial 143
Trial 143 finished with value: 0.13596419756807535 and parameters: {'translation_weight': 2, 'rotation_weight': 47, 'high_resolution': 0.11726726646982069, 'low_resolution': 0.4597590135845113}. Best is trial 4 with value: 0.09790438660565355.
[1750204496.263338089] Start trial 144
Trial 144 finished with value: 0.2661144945937438 and parameters: {'translation_weight': 2, 'rotation_weight': 46, 'high_resolution': 0.11558446191065283, 'low_resolution': 0.4587553326764559}. Best is trial 4 with value: 0.09790438660565355.
[1750204552.298786640] Start trial 145
Trial 145 finished with value: 0.25043912304534965 and parameters: {'translation_weight': 1, 'rotation_weight': 23, 'high_resolution': 0.10986568588634071, 'low_resolution': 0.47214843677124485}. Best is trial 4 with value: 0.09790438660565355.
[1750204608.346802950] Start trial 146
Trial 146 finished with value: 0.24338006342461982 and parameters: {'translation_weight': 2, 'rotation_weight': 28, 'high_resolution': 0.1275158860962409, 'low_resolution': 0.46171310126117354}. Best is trial 4 with value: 0.09790438660565355.
[1750204662.449868202] Start trial 147
Trial 147 finished with value: 1.2652824940411533 and parameters: {'translation_weight': 1, 'rotation_weight': 48, 'high_resolution': 0.11847652299714494, 'low_resolution': 0.48959990009915033}. Best is trial 4 with value: 0.09790438660565355.
[1750204717.249491453] Start trial 148
Trial 148 finished with value: 0.20794180666731132 and parameters: {'translation_weight': 6, 'rotation_weight': 20, 'high_resolution': 0.10432345205278583, 'low_resolution': 0.433612634351712}. Best is trial 4 with value: 0.09790438660565355.
[1750204774.414187670] Start trial 149
Trial 149 finished with value: 0.4555394795442713 and parameters: {'translation_weight': 8, 'rotation_weight': 75, 'high_resolution': 0.13497475081497662, 'low_resolution': 0.4789965851240882}. Best is trial 4 with value: 0.09790438660565355.
[1750204829.185354233] Start trial 150
Trial 150 finished with value: 0.38833812411653135 and parameters: {'translation_weight': 10, 'rotation_weight': 44, 'high_resolution': 0.1414081692141692, 'low_resolution': 0.44976366453264505}. Best is trial 4 with value: 0.09790438660565355.
