Trial 327 finished with value: 0.2755131723355203 and parameters: {'num_range_data': 890, 'voxel_filter_size': 0.08375827056048905, 'optimize_every_n_nodes': 529}. Best is trial 277 with value: 0.08194213943939739.
[1750381080.345366240] Start trial 328
Trial 328 finished with value: 0.17230375087286123 and parameters: {'num_range_data': 896, 'voxel_filter_size': 0.09402761789052944, 'optimize_every_n_nodes': 549}. Best is trial 277 with value: 0.08194213943939739.
[1750381132.212241411] Start trial 329
Trial 329 finished with value: 0.19835589461674835 and parameters: {'num_range_data': 796, 'voxel_filter_size': 0.24347127177257902, 'optimize_every_n_nodes': 562}. Best is trial 277 with value: 0.08194213943939739.
[1750381172.035378456] Start trial 330
Trial 330 finished with value: 0.2059373055303799 and parameters: {'num_range_data': 789, 'voxel_filter_size': 0.10060549317569106, 'optimize_every_n_nodes': 514}. Best is trial 277 with value: 0.08194213943939739.
[1750381224.256270409] Start trial 331
Trial 331 finished with value: 0.164930021947737 and parameters: {'num_range_data': 843, 'voxel_filter_size': 0.06679745666828239, 'optimize_every_n_nodes': 359}. Best is trial 277 with value: 0.08194213943939739.
[1750381281.451528549] Start trial 332
Trial 332 finished with value: 0.19230714235932167 and parameters: {'num_range_data': 814, 'voxel_filter_size': 0.21819071982398752, 'optimize_every_n_nodes': 431}. Best is trial 277 with value: 0.08194213943939739.
[1750381324.073342323] Start trial 333
Trial 333 finished with value: 0.32688679688873845 and parameters: {'num_range_data': 772, 'voxel_filter_size': 0.07707740939453452, 'optimize_every_n_nodes': 572}. Best is trial 277 with value: 0.08194213943939739.
[1750381380.338621855] Start trial 334
Trial 334 finished with value: 0.19275881891276195 and parameters: {'num_range_data': 805, 'voxel_filter_size': 0.08613867784170942, 'optimize_every_n_nodes': 589}. Best is trial 277 with value: 0.08194213943939739.
[1750381435.140118837] Start trial 335
Trial 335 finished with value: 0.18170889353933167 and parameters: {'num_range_data': 676, 'voxel_filter_size': 0.13674177713445476, 'optimize_every_n_nodes': 534}. Best is trial 277 with value: 0.08194213943939739.
[1750381483.060788155] Start trial 336
Trial 336 finished with value: 0.1562217359664388 and parameters: {'num_range_data': 821, 'voxel_filter_size': 0.22911493961910945, 'optimize_every_n_nodes': 547}. Best is trial 277 with value: 0.08194213943939739.
[1750381524.140258312] Start trial 337
Trial 337 finished with value: 0.37684592120387667 and parameters: {'num_range_data': 827, 'voxel_filter_size': 0.12046728010986454, 'optimize_every_n_nodes': 578}. Best is trial 277 with value: 0.08194213943939739.
[1750381572.131165743] Start trial 338
Trial 338 finished with value: 0.49099977602650435 and parameters: {'num_range_data': 604, 'voxel_filter_size': 0.09185795013655011, 'optimize_every_n_nodes': 599}. Best is trial 277 with value: 0.08194213943939739.
[1750381626.214333773] Start trial 339
Trial 339 finished with value: 0.43554895350571077 and parameters: {'num_range_data': 876, 'voxel_filter_size': 0.05318579731443754, 'optimize_every_n_nodes': 558}. Best is trial 277 with value: 0.08194213943939739.
[1750381687.873961449] Start trial 340
Trial 340 finished with value: 0.18839406299297978 and parameters: {'num_range_data': 866, 'voxel_filter_size': 0.07227743979291042, 'optimize_every_n_nodes': 570}. Best is trial 277 with value: 0.08194213943939739.
[1750381746.410613537] Start trial 341
Trial 341 finished with value: 0.3307361584889311 and parameters: {'num_range_data': 849, 'voxel_filter_size': 0.11223990972781206, 'optimize_every_n_nodes': 592}. Best is trial 277 with value: 0.08194213943939739.
[1750381797.245151997] Start trial 342
Trial 342 finished with value: 0.242962103448139 and parameters: {'num_range_data': 818, 'voxel_filter_size': 0.07995093705415614, 'optimize_every_n_nodes': 523}. Best is trial 277 with value: 0.08194213943939739.
[1750381852.286361694] Start trial 343
Trial 343 finished with value: 0.4260714091228998 and parameters: {'num_range_data': 882, 'voxel_filter_size': 0.09577373834601119, 'optimize_every_n_nodes': 500}. Best is trial 277 with value: 0.08194213943939739.
[1750381905.307158470] Start trial 344
Trial 344 finished with value: 0.43923141897636503 and parameters: {'num_range_data': 798, 'voxel_filter_size': 0.20890258734406736, 'optimize_every_n_nodes': 553}. Best is trial 277 with value: 0.08194213943939739.
[1750381947.067504644] Start trial 345
Trial 345 finished with value: 0.16950148234156986 and parameters: {'num_range_data': 893, 'voxel_filter_size': 0.10416271447665429, 'optimize_every_n_nodes': 314}. Best is trial 277 with value: 0.08194213943939739.
[1750381998.380038500] Start trial 346
Trial 346 finished with value: 0.37714551703817256 and parameters: {'num_range_data': 837, 'voxel_filter_size': 0.06010236048511331, 'optimize_every_n_nodes': 540}. Best is trial 277 with value: 0.08194213943939739.
[1750382058.882715940] Start trial 347
Trial 347 finished with value: 0.49707703997452274 and parameters: {'num_range_data': 900, 'voxel_filter_size': 0.05001382347041828, 'optimize_every_n_nodes': 566}. Best is trial 277 with value: 0.08194213943939739.
[1750382122.393670082] Start trial 348
Trial 348 finished with value: 0.30240198506931726 and parameters: {'num_range_data': 829, 'voxel_filter_size': 0.06925099043261634, 'optimize_every_n_nodes': 583}. Best is trial 277 with value: 0.08194213943939739.
[1750382180.475317001] Start trial 349
Trial 349 finished with value: 0.2754364423756675 and parameters: {'num_range_data': 810, 'voxel_filter_size': 0.08728085719674389, 'optimize_every_n_nodes': 388}. Best is trial 277 with value: 0.08194213943939739.
[1750382235.393532515] Start trial 350
Trial 350 finished with value: 0.29951210928093064 and parameters: {'num_range_data': 860, 'voxel_filter_size': 0.1028043776506906, 'optimize_every_n_nodes': 577}. Best is trial 277 with value: 0.08194213943939739.
[1750382286.263109446] Start trial 351
Trial 351 finished with value: 0.08779670714432158 and parameters: {'num_range_data': 785, 'voxel_filter_size': 0.08106567810687279, 'optimize_every_n_nodes': 556}. Best is trial 277 with value: 0.08194213943939739.
[1750382341.153121948] Start trial 352
Trial 352 finished with value: 0.503283328746927 and parameters: {'num_range_data': 757, 'voxel_filter_size': 0.08404735570906195, 'optimize_every_n_nodes': 556}. Best is trial 277 with value: 0.08194213943939739.
[1750382396.276991606] Start trial 353
Trial 353 finished with value: 0.2396293084691001 and parameters: {'num_range_data': 786, 'voxel_filter_size': 0.0921111016545991, 'optimize_every_n_nodes': 543}. Best is trial 277 with value: 0.08194213943939739.
[1750382449.334618807] Start trial 354
Trial 354 finished with value: 0.1849593769607814 and parameters: {'num_range_data': 794, 'voxel_filter_size': 0.07513434829509942, 'optimize_every_n_nodes': 565}. Best is trial 277 with value: 0.08194213943939739.
[1750382505.421801805] Start trial 355
Trial 355 finished with value: 0.6412183522214427 and parameters: {'num_range_data': 740, 'voxel_filter_size': 0.06595511247861083, 'optimize_every_n_nodes': 571}. Best is trial 277 with value: 0.08194213943939739.
[1750382565.348337650] Start trial 356
Trial 356 finished with value: 0.31346364689492306 and parameters: {'num_range_data': 805, 'voxel_filter_size': 0.07953601439040221, 'optimize_every_n_nodes': 592}. Best is trial 277 with value: 0.08194213943939739.
[1750382621.347955227] Start trial 357
Trial 357 finished with value: 0.49478910369197554 and parameters: {'num_range_data': 815, 'voxel_filter_size': 0.26425045890966675, 'optimize_every_n_nodes': 439}. Best is trial 277 with value: 0.08194213943939739.
[1750382662.148186922] Start trial 358
Trial 358 finished with value: 0.1661506620160646 and parameters: {'num_range_data': 802, 'voxel_filter_size': 0.09681857036897198, 'optimize_every_n_nodes': 533}. Best is trial 277 with value: 0.08194213943939739.
[1750382714.260226965] Start trial 359
Trial 359 finished with value: 0.34852930339548793 and parameters: {'num_range_data': 778, 'voxel_filter_size': 0.1104123762094798, 'optimize_every_n_nodes': 555}. Best is trial 277 with value: 0.08194213943939739.
[1750382765.123279333] Start trial 360
Trial 360 finished with value: 0.32995529230770865 and parameters: {'num_range_data': 823, 'voxel_filter_size': 0.0885922960896373, 'optimize_every_n_nodes': 578}. Best is trial 277 with value: 0.08194213943939739.
[1750382818.276269197] Start trial 361
Trial 361 finished with value: 0.09129665950602925 and parameters: {'num_range_data': 791, 'voxel_filter_size': 0.07193631249674458, 'optimize_every_n_nodes': 564}. Best is trial 277 with value: 0.08194213943939739.
[1750382875.375243187] Start trial 362
Trial 362 finished with value: 0.18018921460900109 and parameters: {'num_range_data': 799, 'voxel_filter_size': 0.07261388753071137, 'optimize_every_n_nodes': 567}. Best is trial 277 with value: 0.08194213943939739.
[1750382933.461168528] Start trial 363
Trial 363 finished with value: 0.5321022979660124 and parameters: {'num_range_data': 792, 'voxel_filter_size': 0.0633769900307576, 'optimize_every_n_nodes': 545}. Best is trial 277 with value: 0.08194213943939739.
[1750382993.420987368] Start trial 364
Trial 364 finished with value: 0.12653042609790813 and parameters: {'num_range_data': 807, 'voxel_filter_size': 0.08111596094916161, 'optimize_every_n_nodes': 561}. Best is trial 277 with value: 0.08194213943939739.
[1750383050.440459967] Start trial 365
Trial 365 finished with value: 0.1462396285988957 and parameters: {'num_range_data': 808, 'voxel_filter_size': 0.08064723184400491, 'optimize_every_n_nodes': 581}. Best is trial 277 with value: 0.08194213943939739.
[1750383106.346103907] Start trial 366
Trial 366 finished with value: 0.14104722105576079 and parameters: {'num_range_data': 781, 'voxel_filter_size': 0.0716773131817804, 'optimize_every_n_nodes': 560}. Best is trial 277 with value: 0.08194213943939739.
[1750383164.277120590] Start trial 367
Trial 367 finished with value: 0.15769998824098522 and parameters: {'num_range_data': 765, 'voxel_filter_size': 0.08243482062347618, 'optimize_every_n_nodes': 571}. Best is trial 277 with value: 0.08194213943939739.
[1750383220.288585186] Start trial 368
Trial 368 finished with value: 0.24196303959232318 and parameters: {'num_range_data': 812, 'voxel_filter_size': 0.0599774217057534, 'optimize_every_n_nodes': 600}. Best is trial 277 with value: 0.08194213943939739.
[1750383280.391676664] Start trial 369
Trial 369 finished with value: 0.3381178285091933 and parameters: {'num_range_data': 787, 'voxel_filter_size': 0.06728746947357798, 'optimize_every_n_nodes': 588}. Best is trial 277 with value: 0.08194213943939739.
[1750383339.391647577] Start trial 370
Trial 370 finished with value: 0.30657833014992875 and parameters: {'num_range_data': 794, 'voxel_filter_size': 0.08895406494381966, 'optimize_every_n_nodes': 559}. Best is trial 277 with value: 0.08194213943939739.
[1750383395.208081245] Start trial 371
Trial 371 finished with value: 0.07742656697986065 and parameters: {'num_range_data': 802, 'voxel_filter_size': 0.07719200531087284, 'optimize_every_n_nodes': 575}. Best is trial 371 with value: 0.07742656697986065.
[1750383451.385657549] Start trial 372
Trial 372 finished with value: 0.1811984245673117 and parameters: {'num_range_data': 802, 'voxel_filter_size': 0.07654953439026098, 'optimize_every_n_nodes': 577}. Best is trial 371 with value: 0.07742656697986065.
[1750383508.321049452] Start trial 373
Trial 373 finished with value: 0.13789238429909412 and parameters: {'num_range_data': 807, 'voxel_filter_size': 0.05819156452160851, 'optimize_every_n_nodes': 586}. Best is trial 371 with value: 0.07742656697986065.
[1750383570.497006416] Start trial 374
Trial 374 finished with value: 0.7071166806122803 and parameters: {'num_range_data': 818, 'voxel_filter_size': 0.07050493051424674, 'optimize_every_n_nodes': 565}. Best is trial 371 with value: 0.07742656697986065.
[1750383629.406353474] Start trial 375
Trial 375 finished with value: 0.22152286249653647 and parameters: {'num_range_data': 799, 'voxel_filter_size': 0.07977968442436315, 'optimize_every_n_nodes': 591}. Best is trial 371 with value: 0.07742656697986065.
[1750383685.505919695] Start trial 376
Trial 376 finished with value: 0.39708014552169113 and parameters: {'num_range_data': 811, 'voxel_filter_size': 0.18010700556986206, 'optimize_every_n_nodes': 575}. Best is trial 371 with value: 0.07742656697986065.
[1750383730.118803263] Start trial 377
Trial 377 finished with value: 0.3628453918887725 and parameters: {'num_range_data': 792, 'voxel_filter_size': 0.08575230773234832, 'optimize_every_n_nodes': 581}. Best is trial 371 with value: 0.07742656697986065.
[1750383784.257160425] Start trial 378
Trial 378 finished with value: 0.19434069197201032 and parameters: {'num_range_data': 821, 'voxel_filter_size': 0.06460024249881552, 'optimize_every_n_nodes': 569}. Best is trial 371 with value: 0.07742656697986065.
[1750383842.807831764] Start trial 379
Trial 379 finished with value: 0.43966657150462896 and parameters: {'num_range_data': 827, 'voxel_filter_size': 0.07484431057845173, 'optimize_every_n_nodes': 477}. Best is trial 371 with value: 0.07742656697986065.
[1750383901.092112541] Start trial 380
Trial 380 finished with value: 0.3554865023747932 and parameters: {'num_range_data': 787, 'voxel_filter_size': 0.09047068321730681, 'optimize_every_n_nodes': 560}. Best is trial 371 with value: 0.07742656697986065.
[1750383956.342141151] Start trial 381
Trial 381 finished with value: 0.4610749300878481 and parameters: {'num_range_data': 806, 'voxel_filter_size': 0.08076127586736032, 'optimize_every_n_nodes': 600}. Best is trial 371 with value: 0.07742656697986065.
[1750384012.323806286] Start trial 382
Trial 382 finished with value: 0.24088227858855307 and parameters: {'num_range_data': 717, 'voxel_filter_size': 0.05918977633053087, 'optimize_every_n_nodes': 550}. Best is trial 371 with value: 0.07742656697986065.
[1750384073.872302055] Start trial 383
Trial 383 finished with value: 0.5218869184083061 and parameters: {'num_range_data': 816, 'voxel_filter_size': 0.19516903261482835, 'optimize_every_n_nodes': 486}. Best is trial 371 with value: 0.07742656697986065.
[1750384118.127090693] Start trial 384
Trial 384 finished with value: 0.579044055959271 and parameters: {'num_range_data': 803, 'voxel_filter_size': 0.0934401402671445, 'optimize_every_n_nodes': 586}. Best is trial 371 with value: 0.07742656697986065.
[1750384171.098112345] Start trial 385
Trial 385 finished with value: 0.18833780259362057 and parameters: {'num_range_data': 839, 'voxel_filter_size': 0.06870431549058113, 'optimize_every_n_nodes': 569}. Best is trial 371 with value: 0.07742656697986065.
[1750384228.476466179] Start trial 386
Trial 386 finished with value: 0.13600731597878918 and parameters: {'num_range_data': 830, 'voxel_filter_size': 0.05075590752111363, 'optimize_every_n_nodes': 536}. Best is trial 371 with value: 0.07742656697986065.
[1750384291.928390503] Start trial 387
Trial 387 finished with value: 0.1872532363905724 and parameters: {'num_range_data': 796, 'voxel_filter_size': 0.23594486250548602, 'optimize_every_n_nodes': 407}. Best is trial 371 with value: 0.07742656697986065.
[1750384334.172675133] Start trial 388
Trial 388 finished with value: 0.11979001596241488 and parameters: {'num_range_data': 811, 'voxel_filter_size': 0.0745372213277804, 'optimize_every_n_nodes': 517}. Best is trial 371 with value: 0.07742656697986065.
[1750384390.398993492] Start trial 389
Trial 389 finished with value: 0.13435279127088282 and parameters: {'num_range_data': 809, 'voxel_filter_size': 0.15768809288261076, 'optimize_every_n_nodes': 519}. Best is trial 371 with value: 0.07742656697986065.
[1750384436.055214167] Start trial 390
Trial 390 finished with value: 0.13382889901654543 and parameters: {'num_range_data': 815, 'voxel_filter_size': 0.07517211764446585, 'optimize_every_n_nodes': 578}. Best is trial 371 with value: 0.07742656697986065.
[1750384492.340406418] Start trial 391
Trial 391 finished with value: 0.1500423207045047 and parameters: {'num_range_data': 821, 'voxel_filter_size': 0.08340445834353849, 'optimize_every_n_nodes': 554}. Best is trial 371 with value: 0.07742656697986065.
[1750384547.330680609] Start trial 392
Trial 392 finished with value: 0.2510239769843552 and parameters: {'num_range_data': 785, 'voxel_filter_size': 0.09680984099871959, 'optimize_every_n_nodes': 591}. Best is trial 371 with value: 0.07742656697986065.
[1750384600.372593403] Start trial 393
Trial 393 finished with value: 0.21542503210548192 and parameters: {'num_range_data': 800, 'voxel_filter_size': 0.06666109547992358, 'optimize_every_n_nodes': 562}. Best is trial 371 with value: 0.07742656697986065.
[1750384658.353967667] Start trial 394
Trial 394 finished with value: 0.41037647178543185 and parameters: {'num_range_data': 812, 'voxel_filter_size': 0.3368731163121498, 'optimize_every_n_nodes': 572}. Best is trial 371 with value: 0.07742656697986065.
[1750384695.990699291] Start trial 395
Trial 395 finished with value: 0.34187533185893326 and parameters: {'num_range_data': 792, 'voxel_filter_size': 0.05788322235432595, 'optimize_every_n_nodes': 543}. Best is trial 371 with value: 0.07742656697986065.
[1750384756.275420189] Start trial 396
Trial 396 finished with value: 0.111594762438443 and parameters: {'num_range_data': 804, 'voxel_filter_size': 0.08721404030391426, 'optimize_every_n_nodes': 451}. Best is trial 371 with value: 0.07742656697986065.
[1750384811.349765778] Start trial 397
Trial 397 finished with value: 0.4741234332541129 and parameters: {'num_range_data': 799, 'voxel_filter_size': 0.08932129637393063, 'optimize_every_n_nodes': 424}. Best is trial 371 with value: 0.07742656697986065.
[1750384865.324748516] Start trial 398
Trial 398 finished with value: 0.27867050766388696 and parameters: {'num_range_data': 780, 'voxel_filter_size': 0.10266837112927044, 'optimize_every_n_nodes': 454}. Best is trial 371 with value: 0.07742656697986065.
[1750384917.237488270] Start trial 399
Trial 399 finished with value: 0.21030931333940822 and parameters: {'num_range_data': 824, 'voxel_filter_size': 0.07617771319867304, 'optimize_every_n_nodes': 416}. Best is trial 371 with value: 0.07742656697986065.
[1750384973.391345501] Start trial 400
Trial 400 finished with value: 0.3097303363040155 and parameters: {'num_range_data': 771, 'voxel_filter_size': 0.08671148147491305, 'optimize_every_n_nodes': 452}. Best is trial 371 with value: 0.07742656697986065.
[1750385028.378218174] Start trial 401
Trial 401 finished with value: 0.23681822749560752 and parameters: {'num_range_data': 818, 'voxel_filter_size': 0.1102027009904859, 'optimize_every_n_nodes': 470}. Best is trial 371 with value: 0.07742656697986065.
[1750385078.262295246] Start trial 402
Trial 402 finished with value: 0.5145218957496693 and parameters: {'num_range_data': 623, 'voxel_filter_size': 0.09552686778197636, 'optimize_every_n_nodes': 441}. Best is trial 371 with value: 0.07742656697986065.
[1750385132.120722771] Start trial 403
Trial 403 finished with value: 0.356426291309594 and parameters: {'num_range_data': 793, 'voxel_filter_size': 0.06943352947436826, 'optimize_every_n_nodes': 430}. Best is trial 371 with value: 0.07742656697986065.
[1750385189.537643194] Start trial 404
Trial 404 finished with value: 0.17532720795263457 and parameters: {'num_range_data': 806, 'voxel_filter_size': 0.1256251817117708, 'optimize_every_n_nodes': 339}. Best is trial 371 with value: 0.07742656697986065.
[1750385239.180170298] Start trial 405
Trial 405 finished with value: 0.3843178093394919 and parameters: {'num_range_data': 815, 'voxel_filter_size': 0.06262779229007093, 'optimize_every_n_nodes': 447}. Best is trial 371 with value: 0.07742656697986065.
[1750385298.952064753] Start trial 406
Trial 406 finished with value: 0.21845031310225965 and parameters: {'num_range_data': 803, 'voxel_filter_size': 0.07427139358096777, 'optimize_every_n_nodes': 529}. Best is trial 371 with value: 0.07742656697986065.
[1750385356.333681822] Start trial 407
Trial 407 finished with value: 0.2180905048011595 and parameters: {'num_range_data': 833, 'voxel_filter_size': 0.10514149377428618, 'optimize_every_n_nodes': 585}. Best is trial 371 with value: 0.07742656697986065.
[1750385408.136318684] Start trial 408
Trial 408 finished with value: 0.4037847698377705 and parameters: {'num_range_data': 776, 'voxel_filter_size': 0.08611716172936018, 'optimize_every_n_nodes': 462}. Best is trial 371 with value: 0.07742656697986065.
[1750385462.332490683] Start trial 409
Trial 409 finished with value: 0.3038206392547738 and parameters: {'num_range_data': 811, 'voxel_filter_size': 0.11718689756229354, 'optimize_every_n_nodes': 593}. Best is trial 371 with value: 0.07742656697986065.
[1750385511.199930429] Start trial 410
Trial 410 finished with value: 0.1763013083621775 and parameters: {'num_range_data': 784, 'voxel_filter_size': 0.0987779683331132, 'optimize_every_n_nodes': 580}. Best is trial 371 with value: 0.07742656697986065.
NumExpr defaulting to 16 threads.
