Using an existing study with name 'cartographer_tuning' instead of creating a new one.
[1750197801.411916971] Start trial 23
Trial 23 finished with value: 0.18980386298766194 and parameters: {'translation_weight': 10, 'rotation_weight': 28, 'high_resolution': 0.13962366704110918, 'low_resolution': 0.4037411551935739}. Best is trial 4 with value: 0.09790438660565355.
[1750197862.953033209] Start trial 24
Trial 24 finished with value: 0.43245431957017044 and parameters: {'translation_weight': 8, 'rotation_weight': 14, 'high_resolution': 0.10862396032328861, 'low_resolution': 0.45007553542589396}. Best is trial 4 with value: 0.09790438660565355.
[1750197941.271754980] Start trial 25
Trial 25 finished with value: 0.3417633474760392 and parameters: {'translation_weight': 9, 'rotation_weight': 29, 'high_resolution': 0.14939907732790392, 'low_resolution': 0.5168766351586984}. Best is trial 4 with value: 0.09790438660565355.
[1750198001.647957087] Start trial 26
Trial 26 finished with value: 0.6464414161957821 and parameters: {'translation_weight': 6, 'rotation_weight': 41, 'high_resolution': 0.2151422442761883, 'low_resolution': 0.4547796359243492}. Best is trial 4 with value: 0.09790438660565355.
[1750198059.135748863] Start trial 27
Trial 27 finished with value: 0.512963845500229 and parameters: {'translation_weight': 8, 'rotation_weight': 2, 'high_resolution': 0.10275527436141726, 'low_resolution': 0.5454660704752756}. Best is trial 4 with value: 0.09790438660565355.
[1750198138.854826689] Start trial 28
Trial 28 finished with value: 0.12417903077903737 and parameters: {'translation_weight': 7, 'rotation_weight': 20, 'high_resolution': 0.2584067803294749, 'low_resolution': 0.4843822507061901}. Best is trial 4 with value: 0.09790438660565355.
[1750198194.247126102] Start trial 29
Trial 29 finished with value: 0.9134522430347696 and parameters: {'translation_weight': 7, 'rotation_weight': 18, 'high_resolution': 0.2664185793037837, 'low_resolution': 0.4897679718984528}. Best is trial 4 with value: 0.09790438660565355.
[1750198247.857885361] Start trial 30
Trial 30 finished with value: 0.8141663495705982 and parameters: {'translation_weight': 4, 'rotation_weight': 11, 'high_resolution': 0.3002921073302615, 'low_resolution': 0.534420345857834}. Best is trial 4 with value: 0.09790438660565355.
[1750198300.778652191] Start trial 31
Trial 31 finished with value: 0.3740409385133494 and parameters: {'translation_weight': 2, 'rotation_weight': 4, 'high_resolution': 0.2522642863215036, 'low_resolution': 0.6706631591523423}. Best is trial 4 with value: 0.09790438660565355.
[1750198354.505310535] Start trial 32
Trial 32 finished with value: 0.11726154186442482 and parameters: {'translation_weight': 7, 'rotation_weight': 69, 'high_resolution': 0.31515254912998336, 'low_resolution': 0.4820206204848768}. Best is trial 4 with value: 0.09790438660565355.
[1750198408.839190006] Start trial 33
Trial 33 finished with value: 0.24650539147320163 and parameters: {'translation_weight': 7, 'rotation_weight': 77, 'high_resolution': 0.3128650652838434, 'low_resolution': 0.4771491096061853}. Best is trial 4 with value: 0.09790438660565355.
[1750198463.048330069] Start trial 34
Trial 34 finished with value: 0.21918437360816712 and parameters: {'translation_weight': 6, 'rotation_weight': 63, 'high_resolution': 0.3105704439846739, 'low_resolution': 0.43804643762107}. Best is trial 4 with value: 0.09790438660565355.
[1750198517.515185833] Start trial 35
Trial 35 finished with value: 0.6632474005357626 and parameters: {'translation_weight': 7, 'rotation_weight': 73, 'high_resolution': 0.2611968947420169, 'low_resolution': 0.49911467018543443}. Best is trial 4 with value: 0.09790438660565355.
[1750198572.840852261] Start trial 36
Trial 36 finished with value: 0.7416781459851031 and parameters: {'translation_weight': 6, 'rotation_weight': 84, 'high_resolution': 0.22646450198097448, 'low_resolution': 0.4284823974893665}. Best is trial 4 with value: 0.09790438660565355.
[1750198629.418351412] Start trial 37
Trial 37 finished with value: 0.5235264581568089 and parameters: {'translation_weight': 1, 'rotation_weight': 52, 'high_resolution': 0.2456634967046897, 'low_resolution': 0.5680490965789917}. Best is trial 4 with value: 0.09790438660565355.
[1750198684.225471258] Start trial 38
Trial 38 finished with value: 0.1989784803542411 and parameters: {'translation_weight': 8, 'rotation_weight': 43, 'high_resolution': 0.1959245075913066, 'low_resolution': 0.6027682241617803}. Best is trial 4 with value: 0.09790438660565355.
[1750198740.682383299] Start trial 39
Trial 39 finished with value: 0.340907898389437 and parameters: {'translation_weight': 5, 'rotation_weight': 21, 'high_resolution': 0.2868970567179597, 'low_resolution': 0.5195318735395452}. Best is trial 4 with value: 0.09790438660565355.
[1750198793.775089502] Start trial 40
Trial 40 finished with value: 0.19657548801610386 and parameters: {'translation_weight': 9, 'rotation_weight': 31, 'high_resolution': 0.3283493665708406, 'low_resolution': 0.47954395726776244}. Best is trial 4 with value: 0.09790438660565355.
[1750198847.728353977] Start trial 41
Trial 41 finished with value: 0.8620811831172989 and parameters: {'translation_weight': 2, 'rotation_weight': 63, 'high_resolution': 0.23319963971120394, 'low_resolution': 0.5833255741456888}. Best is trial 4 with value: 0.09790438660565355.
[1750198904.387303829] Start trial 42
Trial 42 finished with value: 0.23922005252144649 and parameters: {'translation_weight': 5, 'rotation_weight': 56, 'high_resolution': 0.28769488297911344, 'low_resolution': 0.6244161872405419}. Best is trial 4 with value: 0.09790438660565355.
[1750198958.945439339] Start trial 43
Trial 43 finished with value: 0.4166525997495401 and parameters: {'translation_weight': 9, 'rotation_weight': 29, 'high_resolution': 0.16717743638724658, 'low_resolution': 0.422718631040431}. Best is trial 4 with value: 0.09790438660565355.
[1750199017.639778852] Start trial 44
Trial 44 finished with value: 0.13148153508859994 and parameters: {'translation_weight': 10, 'rotation_weight': 24, 'high_resolution': 0.12599873028813718, 'low_resolution': 0.4574586359090195}. Best is trial 4 with value: 0.09790438660565355.
[1750199082.478343725] Start trial 45
Trial 45 finished with value: 0.23820222155519302 and parameters: {'translation_weight': 10, 'rotation_weight': 7, 'high_resolution': 0.13077227115955983, 'low_resolution': 0.4642831946963938}. Best is trial 4 with value: 0.09790438660565355.
[1750199147.831680775] Start trial 46
Trial 46 finished with value: 0.18284757131877918 and parameters: {'translation_weight': 6, 'rotation_weight': 37, 'high_resolution': 0.18028915575466073, 'low_resolution': 0.5082114749435247}. Best is trial 4 with value: 0.09790438660565355.
[1750199204.866190434] Start trial 47
Trial 47 finished with value: 0.21351533035683273 and parameters: {'translation_weight': 8, 'rotation_weight': 24, 'high_resolution': 0.3467841134041043, 'low_resolution': 0.4892990450812008}. Best is trial 4 with value: 0.09790438660565355.
[1750199257.903847933] Start trial 48
Trial 48 finished with value: 0.40609641148280934 and parameters: {'translation_weight': 1, 'rotation_weight': 15, 'high_resolution': 0.14303044279648575, 'low_resolution': 0.44506611658255785}. Best is trial 4 with value: 0.09790438660565355.
[1750199318.252655268] Start trial 49
Trial 49 finished with value: 0.7854255127403734 and parameters: {'translation_weight': 3, 'rotation_weight': 19, 'high_resolution': 0.20032220625060698, 'low_resolution': 0.5354223233211115}. Best is trial 4 with value: 0.09790438660565355.
[1750199373.478109837] Start trial 50
Trial 50 finished with value: 0.35730033371429737 and parameters: {'translation_weight': 4, 'rotation_weight': 34, 'high_resolution': 0.12025627555760797, 'low_resolution': 0.4691908645326232}. Best is trial 4 with value: 0.09790438660565355.
[1750199440.896842957] Start trial 51
Trial 51 finished with value: 0.39002362620170483 and parameters: {'translation_weight': 7, 'rotation_weight': 11, 'high_resolution': 0.17267907915345235, 'low_resolution': 0.680053594455339}. Best is trial 4 with value: 0.09790438660565355.
[1750199498.055294275] Start trial 52
Trial 52 finished with value: 0.42768317352734847 and parameters: {'translation_weight': 1, 'rotation_weight': 24, 'high_resolution': 0.3260450374656549, 'low_resolution': 0.6362549890341733}. Best is trial 4 with value: 0.09790438660565355.
[1750199549.371265173] Start trial 53
Trial 53 finished with value: 1.020006201463491 and parameters: {'translation_weight': 9, 'rotation_weight': 27, 'high_resolution': 0.11583244405032163, 'low_resolution': 0.4128286268021653}. Best is trial 4 with value: 0.09790438660565355.
[1750199604.419806719] Start trial 54
Trial 54 finished with value: 0.1316064642921941 and parameters: {'translation_weight': 10, 'rotation_weight': 48, 'high_resolution': 0.1526213740173849, 'low_resolution': 0.42483354230619785}. Best is trial 4 with value: 0.09790438660565355.
[1750199658.234858513] Start trial 55
Trial 55 finished with value: 0.17854576352987356 and parameters: {'translation_weight': 10, 'rotation_weight': 48, 'high_resolution': 0.1570253169617441, 'low_resolution': 0.4333628357437472}. Best is trial 4 with value: 0.09790438660565355.
[1750199712.502871275] Start trial 56
Trial 56 finished with value: 0.50992849699267 and parameters: {'translation_weight': 10, 'rotation_weight': 42, 'high_resolution': 0.1318799380772126, 'low_resolution': 0.4576382173230269}. Best is trial 4 with value: 0.09790438660565355.
[1750199767.502879143] Start trial 57
Trial 57 finished with value: 0.3044638321416826 and parameters: {'translation_weight': 9, 'rotation_weight': 69, 'high_resolution': 0.15620530655798825, 'low_resolution': 0.407564345927929}. Best is trial 4 with value: 0.09790438660565355.
[1750199828.557024240] Start trial 58
Trial 58 finished with value: 0.2715978537356694 and parameters: {'translation_weight': 10, 'rotation_weight': 90, 'high_resolution': 0.18447841478069033, 'low_resolution': 0.44716964459319064}. Best is trial 4 with value: 0.09790438660565355.
[1750199882.255990028] Start trial 59
Trial 59 finished with value: 0.20803130358440608 and parameters: {'translation_weight': 8, 'rotation_weight': 32, 'high_resolution': 0.2110564374319165, 'low_resolution': 0.5557040338551302}. Best is trial 4 with value: 0.09790438660565355.
[1750199934.166604519] Start trial 60
Trial 60 finished with value: 0.5649700504753812 and parameters: {'translation_weight': 2, 'rotation_weight': 15, 'high_resolution': 0.1411065877785173, 'low_resolution': 0.49227070004759277}. Best is trial 4 with value: 0.09790438660565355.
[1750199988.321347475] Start trial 61
Trial 61 finished with value: 0.5024581359865701 and parameters: {'translation_weight': 3, 'rotation_weight': 21, 'high_resolution': 0.16789074383592836, 'low_resolution': 0.4727519724558061}. Best is trial 4 with value: 0.09790438660565355.
[1750200041.390705109] Start trial 62
Trial 62 finished with value: 0.4082850466217104 and parameters: {'translation_weight': 4, 'rotation_weight': 37, 'high_resolution': 0.2728935479695564, 'low_resolution': 0.5083634718481193}. Best is trial 4 with value: 0.09790438660565355.
[1750200092.381150484] Start trial 63
Trial 63 finished with value: 0.26400398747604276 and parameters: {'translation_weight': 9, 'rotation_weight': 17, 'high_resolution': 0.10654358379747975, 'low_resolution': 0.43981582734178504}. Best is trial 4 with value: 0.09790438660565355.
[1750200149.340705633] Start trial 64
Trial 64 finished with value: 0.18620838404985088 and parameters: {'translation_weight': 10, 'rotation_weight': 26, 'high_resolution': 0.12216440361327242, 'low_resolution': 0.41905403247609774}. Best is trial 4 with value: 0.09790438660565355.
[1750200204.335083485] Start trial 65
Trial 65 finished with value: 0.2615233645999655 and parameters: {'translation_weight': 9, 'rotation_weight': 10, 'high_resolution': 0.10149523896099359, 'low_resolution': 0.455697815930241}. Best is trial 4 with value: 0.09790438660565355.
[1750200261.555312634] Start trial 66
Trial 66 finished with value: 0.3170949521401282 and parameters: {'translation_weight': 10, 'rotation_weight': 61, 'high_resolution': 0.11162003608559815, 'low_resolution': 0.4266283619862225}. Best is trial 4 with value: 0.09790438660565355.
[1750200318.338905096] Start trial 67
Trial 67 finished with value: 0.11260879800481409 and parameters: {'translation_weight': 9, 'rotation_weight': 21, 'high_resolution': 0.12751667037002096, 'low_resolution': 0.4002423193637102}. Best is trial 4 with value: 0.09790438660565355.
[1750200372.231450319] Start trial 68
Trial 68 finished with value: 0.3512886614254005 and parameters: {'translation_weight': 7, 'rotation_weight': 81, 'high_resolution': 0.14737454526348479, 'low_resolution': 0.4000815077856233}. Best is trial 4 with value: 0.09790438660565355.
[1750200426.400290251] Start trial 69
Trial 69 finished with value: 0.6772226669427219 and parameters: {'translation_weight': 9, 'rotation_weight': 1, 'high_resolution': 0.13445266407959414, 'low_resolution': 0.4144373042686877}. Best is trial 4 with value: 0.09790438660565355.
[1750200480.482051611] Start trial 70
Trial 70 finished with value: 0.14851663713813001 and parameters: {'translation_weight': 10, 'rotation_weight': 68, 'high_resolution': 0.12412523904582802, 'low_resolution': 0.46224668822950876}. Best is trial 4 with value: 0.09790438660565355.
[1750200536.287478209] Start trial 71
Trial 71 finished with value: 0.8977115539174385 and parameters: {'translation_weight': 1, 'rotation_weight': 7, 'high_resolution': 0.15256958254096714, 'low_resolution': 0.48457435067786714}. Best is trial 4 with value: 0.09790438660565355.
[1750200589.344872475] Start trial 72
Trial 72 finished with value: 0.23806617203912217 and parameters: {'translation_weight': 8, 'rotation_weight': 21, 'high_resolution': 0.25379517393974504, 'low_resolution': 0.5324788493604533}. Best is trial 4 with value: 0.09790438660565355.
[1750200641.312945366] Start trial 73
Trial 73 finished with value: 0.322736009528665 and parameters: {'translation_weight': 8, 'rotation_weight': 13, 'high_resolution': 0.11715172281107869, 'low_resolution': 0.43302164139367993}. Best is trial 4 with value: 0.09790438660565355.
[1750200696.448743582] Start trial 74
Trial 74 finished with value: 0.4899183279962188 and parameters: {'translation_weight': 9, 'rotation_weight': 23, 'high_resolution': 0.1271031935473774, 'low_resolution': 0.41230300954696325}. Best is trial 4 with value: 0.09790438660565355.
[1750200751.321275473] Start trial 75
Trial 75 finished with value: 0.21388290130959686 and parameters: {'translation_weight': 10, 'rotation_weight': 32, 'high_resolution': 0.1375945929347671, 'low_resolution': 0.42206917969171087}. Best is trial 4 with value: 0.09790438660565355.
[1750200805.322960854] Start trial 76
Trial 76 finished with value: 0.9147212940455056 and parameters: {'translation_weight': 9, 'rotation_weight': 17, 'high_resolution': 0.21999217258520365, 'low_resolution': 0.4456706513290566}. Best is trial 4 with value: 0.09790438660565355.
[1750200856.329669952] Start trial 77
Trial 77 finished with value: 0.5933544437109592 and parameters: {'translation_weight': 6, 'rotation_weight': 29, 'high_resolution': 0.29371695291422695, 'low_resolution': 0.40338286777586463}. Best is trial 4 with value: 0.09790438660565355.
[1750200908.235486269] Start trial 78
Trial 78 finished with value: 0.11610021631121657 and parameters: {'translation_weight': 8, 'rotation_weight': 52, 'high_resolution': 0.11220916416650134, 'low_resolution': 0.438059803159982}. Best is trial 4 with value: 0.09790438660565355.
[1750200965.311853170] Start trial 79
Trial 79 finished with value: 0.24021935055890933 and parameters: {'translation_weight': 8, 'rotation_weight': 53, 'high_resolution': 0.16063867054073983, 'low_resolution': 0.43852713208545063}. Best is trial 4 with value: 0.09790438660565355.
[1750201018.342678547] Start trial 80
Trial 80 finished with value: 0.2427243487033144 and parameters: {'translation_weight': 7, 'rotation_weight': 74, 'high_resolution': 0.2376163246578661, 'low_resolution': 0.5012968297137854}. Best is trial 4 with value: 0.09790438660565355.
[1750201070.256358624] Start trial 81
Trial 81 finished with value: 1.001415802569686 and parameters: {'translation_weight': 8, 'rotation_weight': 49, 'high_resolution': 0.3102906575012961, 'low_resolution': 0.6041289385785962}. Best is trial 4 with value: 0.09790438660565355.
[1750201122.352812052] Start trial 82
Trial 82 finished with value: 0.2493541237550844 and parameters: {'translation_weight': 7, 'rotation_weight': 56, 'high_resolution': 0.20346105169747106, 'low_resolution': 0.4656501132800354}. Best is trial 4 with value: 0.09790438660565355.
[1750201174.297105074] Start trial 83
Trial 83 finished with value: 0.3968732156388703 and parameters: {'translation_weight': 9, 'rotation_weight': 44, 'high_resolution': 0.11032995285925712, 'low_resolution': 0.4293134718081444}. Best is trial 4 with value: 0.09790438660565355.
[1750201230.253503561] Start trial 84
Trial 84 finished with value: 0.1995113314259774 and parameters: {'translation_weight': 10, 'rotation_weight': 21, 'high_resolution': 0.14556959490736057, 'low_resolution': 0.4507556298479503}. Best is trial 4 with value: 0.09790438660565355.
[1750201284.359466553] Start trial 85
Trial 85 finished with value: 0.38039926870904084 and parameters: {'translation_weight': 8, 'rotation_weight': 65, 'high_resolution': 0.1024268727475427, 'low_resolution': 0.4201830411793234}. Best is trial 4 with value: 0.09790438660565355.
[1750201342.191500425] Start trial 86
Trial 86 finished with value: 0.4442457450707269 and parameters: {'translation_weight': 9, 'rotation_weight': 39, 'high_resolution': 0.11562093434749508, 'low_resolution': 0.4793331355960175}. Best is trial 4 with value: 0.09790438660565355.
[1750201397.365882397] Start trial 87
Trial 87 finished with value: 0.2059032431522534 and parameters: {'translation_weight': 6, 'rotation_weight': 25, 'high_resolution': 0.3404392095032132, 'low_resolution': 0.43894959014049234}. Best is trial 4 with value: 0.09790438660565355.
[1750201448.332152128] Start trial 88
Trial 88 finished with value: 0.4286872812927057 and parameters: {'translation_weight': 7, 'rotation_weight': 13, 'high_resolution': 0.1299083889164626, 'low_resolution': 0.4093694345778644}. Best is trial 4 with value: 0.09790438660565355.
[1750201502.359980822] Start trial 89
Trial 89 finished with value: 0.5420016789674975 and parameters: {'translation_weight': 1, 'rotation_weight': 45, 'high_resolution': 0.1769513745079622, 'low_resolution': 0.6880229644430624}. Best is trial 4 with value: 0.09790438660565355.
[1750201554.251989841] Start trial 90
Trial 90 finished with value: 0.5976046155178422 and parameters: {'translation_weight': 2, 'rotation_weight': 96, 'high_resolution': 0.19119819214343325, 'low_resolution': 0.6675362448414283}. Best is trial 4 with value: 0.09790438660565355.
[1750201607.368393660] Start trial 91
Trial 91 finished with value: 0.5222107823908797 and parameters: {'translation_weight': 5, 'rotation_weight': 18, 'high_resolution': 0.13637532892554288, 'low_resolution': 0.42974364112098584}. Best is trial 4 with value: 0.09790438660565355.
[1750201661.430079699] Start trial 92
Trial 92 finished with value: 0.18642430012000835 and parameters: {'translation_weight': 10, 'rotation_weight': 27, 'high_resolution': 0.109186677588513, 'low_resolution': 0.47117304960118767}. Best is trial 4 with value: 0.09790438660565355.
[1750201718.021094322] Start trial 93
Trial 93 finished with value: 0.1850229205450872 and parameters: {'translation_weight': 10, 'rotation_weight': 69, 'high_resolution': 0.12282899263633933, 'low_resolution': 0.4593802286476661}. Best is trial 4 with value: 0.09790438660565355.
[1750201773.425059557] Start trial 94
Trial 94 finished with value: 0.39975662022917413 and parameters: {'translation_weight': 10, 'rotation_weight': 78, 'high_resolution': 0.12645265639794062, 'low_resolution': 0.46013710272488767}. Best is trial 4 with value: 0.09790438660565355.
[1750201828.535018682] Start trial 95
Trial 95 finished with value: 0.9498567440625778 and parameters: {'translation_weight': 9, 'rotation_weight': 70, 'high_resolution': 0.12205140735435235, 'low_resolution': 0.5797401584092793}. Best is trial 4 with value: 0.09790438660565355.
[1750201885.281159639] Start trial 96
Trial 96 finished with value: 0.1907556269757186 and parameters: {'translation_weight': 10, 'rotation_weight': 65, 'high_resolution': 0.11529979815146377, 'low_resolution': 0.45218407732995847}. Best is trial 4 with value: 0.09790438660565355.
[1750201941.266092539] Start trial 97
Trial 97 finished with value: 0.6535614079424074 and parameters: {'translation_weight': 9, 'rotation_weight': 23, 'high_resolution': 0.16451118760916716, 'low_resolution': 0.49514725249484565}. Best is trial 4 with value: 0.09790438660565355.
[1750201994.401121855] Start trial 98
Trial 98 finished with value: 0.18040124289324633 and parameters: {'translation_weight': 10, 'rotation_weight': 59, 'high_resolution': 0.15244626601105274, 'low_resolution': 0.48446061966666226}. Best is trial 4 with value: 0.09790438660565355.
[1750202048.428204060] Start trial 99
Trial 99 finished with value: 0.20619368207888325 and parameters: {'translation_weight': 8, 'rotation_weight': 66, 'high_resolution': 0.13978585541303076, 'low_resolution': 0.41627767253567294}. Best is trial 4 with value: 0.09790438660565355.
[1750202102.355891466] Start trial 100
Trial 100 finished with value: 0.5396597058402848 and parameters: {'translation_weight': 9, 'rotation_weight': 30, 'high_resolution': 0.10524368601698623, 'low_resolution': 0.5271343623377492}. Best is trial 4 with value: 0.09790438660565355.
[1750202159.405585051] Start trial 101
