Using an existing study with name 'cartographer_tuning' instead of creating a new one.
[1750372341.302083015] Start trial 155
Trial 155 finished with value: 0.47660961465574153 and parameters: {'num_range_data': 900, 'voxel_filter_size': 0.3829163652223256, 'optimize_every_n_nodes': 597}. Best is trial 4 with value: 0.09790438660565355.
[1750372378.542585850] Start trial 156
Trial 156 finished with value: 0.39537686084325147 and parameters: {'num_range_data': 896, 'voxel_filter_size': 0.3262322754379964, 'optimize_every_n_nodes': 593}. Best is trial 4 with value: 0.09790438660565355.
[1750372417.145145178] Start trial 157
Trial 157 finished with value: 0.7581904178857026 and parameters: {'num_range_data': 627, 'voxel_filter_size': 0.22982892914464045, 'optimize_every_n_nodes': 222}. Best is trial 4 with value: 0.09790438660565355.
[1750372462.158174515] Start trial 158
Trial 158 finished with value: 0.23129612207688297 and parameters: {'num_range_data': 784, 'voxel_filter_size': 0.253640927134165, 'optimize_every_n_nodes': 471}. Best is trial 4 with value: 0.09790438660565355.
[1750372505.089141607] Start trial 159
Trial 159 finished with value: 0.08889039273470664 and parameters: {'num_range_data': 824, 'voxel_filter_size': 0.0895508037177418, 'optimize_every_n_nodes': 458}. Best is trial 159 with value: 0.08889039273470664.
[1750372565.871982574] Start trial 160
Trial 160 finished with value: 0.16114685811345056 and parameters: {'num_range_data': 829, 'voxel_filter_size': 0.06026179553095523, 'optimize_every_n_nodes': 469}. Best is trial 159 with value: 0.08889039273470664.
[1750372634.833430290] Start trial 161
Trial 161 finished with value: 0.6246220008122323 and parameters: {'num_range_data': 837, 'voxel_filter_size': 0.14258930991106278, 'optimize_every_n_nodes': 478}. Best is trial 159 with value: 0.08889039273470664.
[1750372686.750018120] Start trial 162
Trial 162 finished with value: 0.19239907618191926 and parameters: {'num_range_data': 834, 'voxel_filter_size': 0.15445952534878848, 'optimize_every_n_nodes': 374}. Best is trial 159 with value: 0.08889039273470664.
[1750372737.621345520] Start trial 163
Trial 163 finished with value: 0.3227321426208154 and parameters: {'num_range_data': 657, 'voxel_filter_size': 0.3097586193368018, 'optimize_every_n_nodes': 528}. Best is trial 159 with value: 0.08889039273470664.
[1750372779.605000257] Start trial 164
Trial 164 finished with value: 0.27817520526160733 and parameters: {'num_range_data': 860, 'voxel_filter_size': 0.16822431089043413, 'optimize_every_n_nodes': 283}. Best is trial 159 with value: 0.08889039273470664.
[1750372827.558946133] Start trial 165
Trial 165 finished with value: 0.24294251494187982 and parameters: {'num_range_data': 798, 'voxel_filter_size': 0.39864133151649506, 'optimize_every_n_nodes': 531}. Best is trial 159 with value: 0.08889039273470664.
[1750372865.643093586] Start trial 166
Trial 166 finished with value: 0.49441411843482913 and parameters: {'num_range_data': 705, 'voxel_filter_size': 0.28657723478699165, 'optimize_every_n_nodes': 412}. Best is trial 159 with value: 0.08889039273470664.
[1750372907.231800079] Start trial 167
Trial 167 finished with value: 0.19570039127429972 and parameters: {'num_range_data': 869, 'voxel_filter_size': 0.10276515887273592, 'optimize_every_n_nodes': 532}. Best is trial 159 with value: 0.08889039273470664.
[1750372963.894698858] Start trial 168
Trial 168 finished with value: 0.4595496774674895 and parameters: {'num_range_data': 788, 'voxel_filter_size': 0.19337391711405472, 'optimize_every_n_nodes': 424}. Best is trial 159 with value: 0.08889039273470664.
[1750373009.546269178] Start trial 169
Trial 169 finished with value: 0.58716009650453 and parameters: {'num_range_data': 732, 'voxel_filter_size': 0.3447209819530298, 'optimize_every_n_nodes': 311}. Best is trial 159 with value: 0.08889039273470664.
[1750373048.292552471] Start trial 170
Trial 170 finished with value: 0.6583819737430661 and parameters: {'num_range_data': 875, 'voxel_filter_size': 0.25341444849105377, 'optimize_every_n_nodes': 550}. Best is trial 159 with value: 0.08889039273470664.
[1750373089.521020889] Start trial 171
Trial 171 finished with value: 0.37500819599284246 and parameters: {'num_range_data': 815, 'voxel_filter_size': 0.1069746922104294, 'optimize_every_n_nodes': 451}. Best is trial 159 with value: 0.08889039273470664.
[1750373144.502372265] Start trial 172
Trial 172 finished with value: 0.16782205150967724 and parameters: {'num_range_data': 763, 'voxel_filter_size': 0.20324144887385323, 'optimize_every_n_nodes': 501}. Best is trial 159 with value: 0.08889039273470664.
[1750373189.750273228] Start trial 173
Trial 173 finished with value: 0.31052514812860577 and parameters: {'num_range_data': 701, 'voxel_filter_size': 0.35745040720218746, 'optimize_every_n_nodes': 577}. Best is trial 159 with value: 0.08889039273470664.
[1750373229.034216166] Start trial 174
Trial 174 finished with value: 0.694460302650591 and parameters: {'num_range_data': 854, 'voxel_filter_size': 0.2848353659309957, 'optimize_every_n_nodes': 358}. Best is trial 159 with value: 0.08889039273470664.
[1750373271.115369558] Start trial 175
Trial 175 finished with value: 0.24202749799138587 and parameters: {'num_range_data': 822, 'voxel_filter_size': 0.052964094360662545, 'optimize_every_n_nodes': 448}. Best is trial 159 with value: 0.08889039273470664.
[1750373332.350976706] Start trial 176
Trial 176 finished with value: 0.32569307870483605 and parameters: {'num_range_data': 879, 'voxel_filter_size': 0.09259435379413074, 'optimize_every_n_nodes': 508}. Best is trial 159 with value: 0.08889039273470664.
[1750373387.126208067] Start trial 177
Trial 177 finished with value: 0.32875702760014597 and parameters: {'num_range_data': 842, 'voxel_filter_size': 0.08301756695344581, 'optimize_every_n_nodes': 397}. Best is trial 159 with value: 0.08889039273470664.
[1750373441.043066978] Start trial 178
Trial 178 finished with value: 0.13965490009307466 and parameters: {'num_range_data': 806, 'voxel_filter_size': 0.11953277970306753, 'optimize_every_n_nodes': 474}. Best is trial 159 with value: 0.08889039273470664.
[1750373490.028237820] Start trial 179
Trial 179 finished with value: 0.4227749912592578 and parameters: {'num_range_data': 807, 'voxel_filter_size': 0.1283011954784497, 'optimize_every_n_nodes': 561}. Best is trial 159 with value: 0.08889039273470664.
[1750373538.106837749] Start trial 180
Trial 180 finished with value: 0.4848014851034986 and parameters: {'num_range_data': 778, 'voxel_filter_size': 0.17677831102683678, 'optimize_every_n_nodes': 501}. Best is trial 159 with value: 0.08889039273470664.
[1750373581.952240944] Start trial 181
Trial 181 finished with value: 0.16406328169921827 and parameters: {'num_range_data': 731, 'voxel_filter_size': 0.12143414424561676, 'optimize_every_n_nodes': 431}. Best is trial 159 with value: 0.08889039273470664.
[1750373633.913502455] Start trial 182
Trial 182 finished with value: 0.16266900239879883 and parameters: {'num_range_data': 764, 'voxel_filter_size': 0.07791933421287842, 'optimize_every_n_nodes': 325}. Best is trial 159 with value: 0.08889039273470664.
[1750373695.521067858] Start trial 183
Trial 183 finished with value: 0.19192573571105864 and parameters: {'num_range_data': 748, 'voxel_filter_size': 0.22617413057457358, 'optimize_every_n_nodes': 402}. Best is trial 159 with value: 0.08889039273470664.
[1750373737.098595619] Start trial 184
Trial 184 finished with value: 0.4875339024353474 and parameters: {'num_range_data': 848, 'voxel_filter_size': 0.13380086852754333, 'optimize_every_n_nodes': 564}. Best is trial 159 with value: 0.08889039273470664.
[1750373784.025005579] Start trial 185
Trial 185 finished with value: 0.1848861249977033 and parameters: {'num_range_data': 893, 'voxel_filter_size': 0.06537847111717181, 'optimize_every_n_nodes': 477}. Best is trial 159 with value: 0.08889039273470664.
[1750373842.877719402] Start trial 186
Trial 186 finished with value: 0.10900420607838043 and parameters: {'num_range_data': 799, 'voxel_filter_size': 0.057557875972951714, 'optimize_every_n_nodes': 450}. Best is trial 159 with value: 0.08889039273470664.
[1750373904.410753727] Start trial 187
Trial 187 finished with value: 0.2579711544487681 and parameters: {'num_range_data': 808, 'voxel_filter_size': 0.050026551376793675, 'optimize_every_n_nodes': 382}. Best is trial 159 with value: 0.08889039273470664.
[1750373968.883509874] Start trial 188
Trial 188 finished with value: 0.22846391188509504 and parameters: {'num_range_data': 771, 'voxel_filter_size': 0.10648951925390276, 'optimize_every_n_nodes': 454}. Best is trial 159 with value: 0.08889039273470664.
[1750374021.103054762] Start trial 189
Trial 189 finished with value: 0.36868473683739617 and parameters: {'num_range_data': 793, 'voxel_filter_size': 0.07609520003299822, 'optimize_every_n_nodes': 600}. Best is trial 159 with value: 0.08889039273470664.
[1750374077.552185059] Start trial 190
Trial 190 finished with value: 0.14112883539640195 and parameters: {'num_range_data': 900, 'voxel_filter_size': 0.25026111474774076, 'optimize_every_n_nodes': 488}. Best is trial 159 with value: 0.08889039273470664.
[1750374117.145493507] Start trial 191
Trial 191 finished with value: 0.31233725904690135 and parameters: {'num_range_data': 897, 'voxel_filter_size': 0.25657288977904047, 'optimize_every_n_nodes': 484}. Best is trial 159 with value: 0.08889039273470664.
[1750374156.217545509] Start trial 192
Trial 192 finished with value: 0.24395896331509087 and parameters: {'num_range_data': 883, 'voxel_filter_size': 0.3075560128803266, 'optimize_every_n_nodes': 433}. Best is trial 159 with value: 0.08889039273470664.
[1750374192.930508137] Start trial 193
Trial 193 finished with value: 0.447578658627298 and parameters: {'num_range_data': 862, 'voxel_filter_size': 0.3476016325918454, 'optimize_every_n_nodes': 461}. Best is trial 159 with value: 0.08889039273470664.
[1750374229.031786203] Start trial 194
Trial 194 finished with value: 0.7299255597908655 and parameters: {'num_range_data': 827, 'voxel_filter_size': 0.2106565800522159, 'optimize_every_n_nodes': 516}. Best is trial 159 with value: 0.08889039273470664.
[1750374270.011311531] Start trial 195
Trial 195 finished with value: 0.6363833686999123 and parameters: {'num_range_data': 611, 'voxel_filter_size': 0.24505080686416222, 'optimize_every_n_nodes': 481}. Best is trial 159 with value: 0.08889039273470664.
[1750374310.962080240] Start trial 196
Trial 196 finished with value: 0.4959151142179205 and parameters: {'num_range_data': 887, 'voxel_filter_size': 0.14641715553924411, 'optimize_every_n_nodes': 254}. Best is trial 159 with value: 0.08889039273470664.
[1750374357.207392693] Start trial 197
Trial 197 finished with value: 0.17845925101781773 and parameters: {'num_range_data': 899, 'voxel_filter_size': 0.38019645704896254, 'optimize_every_n_nodes': 544}. Best is trial 159 with value: 0.08889039273470664.
[1750374393.105098724] Start trial 198
Trial 198 finished with value: 0.4607698645384256 and parameters: {'num_range_data': 840, 'voxel_filter_size': 0.2755433553976579, 'optimize_every_n_nodes': 493}. Best is trial 159 with value: 0.08889039273470664.
[1750374431.961922884] Start trial 199
Trial 199 finished with value: 0.49542613876392505 and parameters: {'num_range_data': 867, 'voxel_filter_size': 0.3236236759261776, 'optimize_every_n_nodes': 438}. Best is trial 159 with value: 0.08889039273470664.
[1750374468.901169300] Start trial 200
Trial 200 finished with value: 0.177337183435532 and parameters: {'num_range_data': 659, 'voxel_filter_size': 0.16480750801565316, 'optimize_every_n_nodes': 412}. Best is trial 159 with value: 0.08889039273470664.
[1750374513.959307671] Start trial 201
Trial 201 finished with value: 0.14742711085475188 and parameters: {'num_range_data': 803, 'voxel_filter_size': 0.1171365324106382, 'optimize_every_n_nodes': 523}. Best is trial 159 with value: 0.08889039273470664.
[1750374564.234543085] Start trial 202
Trial 202 finished with value: 0.6030624732254338 and parameters: {'num_range_data': 800, 'voxel_filter_size': 0.11779761017322968, 'optimize_every_n_nodes': 521}. Best is trial 159 with value: 0.08889039273470664.
[1750374613.146840096] Start trial 203
Trial 203 finished with value: 0.1000499611276305 and parameters: {'num_range_data': 816, 'voxel_filter_size': 0.09147974651356332, 'optimize_every_n_nodes': 578}. Best is trial 159 with value: 0.08889039273470664.
[1750374666.190899134] Start trial 204
Trial 204 finished with value: 0.14342442122835936 and parameters: {'num_range_data': 821, 'voxel_filter_size': 0.09206600842840543, 'optimize_every_n_nodes': 581}. Best is trial 159 with value: 0.08889039273470664.
[1750374719.245487213] Start trial 205
Trial 205 finished with value: 0.08247601018404224 and parameters: {'num_range_data': 821, 'voxel_filter_size': 0.09503609678188038, 'optimize_every_n_nodes': 581}. Best is trial 205 with value: 0.08247601018404224.
[1750374772.235561132] Start trial 206
Trial 206 finished with value: 0.3658866514431398 and parameters: {'num_range_data': 818, 'voxel_filter_size': 0.09271374561851235, 'optimize_every_n_nodes': 585}. Best is trial 205 with value: 0.08247601018404224.
[1750374825.277963877] Start trial 207
Trial 207 finished with value: 0.37477066965255623 and parameters: {'num_range_data': 830, 'voxel_filter_size': 0.06793790448426182, 'optimize_every_n_nodes': 582}. Best is trial 205 with value: 0.08247601018404224.
[1750374882.419039726] Start trial 208
Trial 208 finished with value: 0.6707571686694405 and parameters: {'num_range_data': 807, 'voxel_filter_size': 0.08577961269059892, 'optimize_every_n_nodes': 561}. Best is trial 205 with value: 0.08247601018404224.
[1750374938.205754042] Start trial 209
Trial 209 finished with value: 0.5104756308064786 and parameters: {'num_range_data': 783, 'voxel_filter_size': 0.11201806934157404, 'optimize_every_n_nodes': 539}. Best is trial 205 with value: 0.08247601018404224.
[1750374988.258648634] Start trial 210
Trial 210 finished with value: 0.3509024973019049 and parameters: {'num_range_data': 818, 'voxel_filter_size': 0.0993442542605414, 'optimize_every_n_nodes': 570}. Best is trial 205 with value: 0.08247601018404224.
[1750375040.233428955] Start trial 211
Trial 211 finished with value: 0.22244588827814588 and parameters: {'num_range_data': 798, 'voxel_filter_size': 0.07062208674585504, 'optimize_every_n_nodes': 591}. Best is trial 205 with value: 0.08247601018404224.
[1750375097.463721991] Start trial 212
Trial 212 finished with value: 0.5188652165816697 and parameters: {'num_range_data': 833, 'voxel_filter_size': 0.09660968926243252, 'optimize_every_n_nodes': 552}. Best is trial 205 with value: 0.08247601018404224.
[1750375150.229398251] Start trial 213
Trial 213 finished with value: 0.1724700548137744 and parameters: {'num_range_data': 852, 'voxel_filter_size': 0.13187644714288566, 'optimize_every_n_nodes': 598}. Best is trial 205 with value: 0.08247601018404224.
[1750375197.213916779] Start trial 214
Trial 214 finished with value: 0.18213847066747627 and parameters: {'num_range_data': 789, 'voxel_filter_size': 0.08489160783840796, 'optimize_every_n_nodes': 467}. Best is trial 205 with value: 0.08247601018404224.
[1750375251.502710342] Start trial 215
Trial 215 finished with value: 0.3500740787482242 and parameters: {'num_range_data': 814, 'voxel_filter_size': 0.061136068488310755, 'optimize_every_n_nodes': 575}. Best is trial 205 with value: 0.08247601018404224.
[1750375311.538936853] Start trial 216
Trial 216 finished with value: 0.14040089866553543 and parameters: {'num_range_data': 824, 'voxel_filter_size': 0.11136424463245478, 'optimize_every_n_nodes': 530}. Best is trial 205 with value: 0.08247601018404224.
[1750375363.158380032] Start trial 217
Trial 217 finished with value: 0.3663621712743372 and parameters: {'num_range_data': 841, 'voxel_filter_size': 0.11510759402492884, 'optimize_every_n_nodes': 529}. Best is trial 205 with value: 0.08247601018404224.
[1750375412.071406364] Start trial 218
Trial 218 finished with value: 0.5586210864111197 and parameters: {'num_range_data': 804, 'voxel_filter_size': 0.14109013270118462, 'optimize_every_n_nodes': 494}. Best is trial 205 with value: 0.08247601018404224.
[1750375459.227192163] Start trial 219
Trial 219 finished with value: 0.25624173943434025 and parameters: {'num_range_data': 830, 'voxel_filter_size': 0.10382508675484686, 'optimize_every_n_nodes': 554}. Best is trial 205 with value: 0.08247601018404224.
[1750375510.213806868] Start trial 220
Trial 220 finished with value: 0.1512464202012214 and parameters: {'num_range_data': 822, 'voxel_filter_size': 0.0855169653560693, 'optimize_every_n_nodes': 511}. Best is trial 205 with value: 0.08247601018404224.
[1750375564.372117281] Start trial 221
Trial 221 finished with value: 0.6092271724960341 and parameters: {'num_range_data': 874, 'voxel_filter_size': 0.1170613601379828, 'optimize_every_n_nodes': 535}. Best is trial 205 with value: 0.08247601018404224.
[1750375613.022264481] Start trial 222
Trial 222 finished with value: 0.23748873696324516 and parameters: {'num_range_data': 815, 'voxel_filter_size': 0.09599968416455523, 'optimize_every_n_nodes': 579}. Best is trial 205 with value: 0.08247601018404224.
[1750375665.179447889] Start trial 223
Trial 223 finished with value: 0.2965900040463363 and parameters: {'num_range_data': 775, 'voxel_filter_size': 0.07606745842092405, 'optimize_every_n_nodes': 444}. Best is trial 205 with value: 0.08247601018404224.
[1750375721.543242455] Start trial 224
Trial 224 finished with value: 0.46481827042376495 and parameters: {'num_range_data': 749, 'voxel_filter_size': 0.06314428575538655, 'optimize_every_n_nodes': 471}. Best is trial 205 with value: 0.08247601018404224.
[1750375782.414544582] Start trial 225
Trial 225 finished with value: 0.15904462639734118 and parameters: {'num_range_data': 849, 'voxel_filter_size': 0.1268026375816089, 'optimize_every_n_nodes': 487}. Best is trial 205 with value: 0.08247601018404224.
[1750375831.075547934] Start trial 226
Trial 226 finished with value: 0.4415221815606375 and parameters: {'num_range_data': 796, 'voxel_filter_size': 0.17653772692506828, 'optimize_every_n_nodes': 566}. Best is trial 205 with value: 0.08247601018404224.
[1750375875.067434311] Start trial 227
Trial 227 finished with value: 0.17868038077601361 and parameters: {'num_range_data': 809, 'voxel_filter_size': 0.15611484178224566, 'optimize_every_n_nodes': 507}. Best is trial 205 with value: 0.08247601018404224.
[1750375919.997716904] Start trial 228
Trial 228 finished with value: 0.47359863704500604 and parameters: {'num_range_data': 859, 'voxel_filter_size': 0.3066578716275641, 'optimize_every_n_nodes': 458}. Best is trial 205 with value: 0.08247601018404224.
[1750375957.086044788] Start trial 229
Trial 229 finished with value: 0.17019887107835754 and parameters: {'num_range_data': 785, 'voxel_filter_size': 0.10558422378032717, 'optimize_every_n_nodes': 545}. Best is trial 205 with value: 0.08247601018404224.
[1750376008.205308676] Start trial 230
Trial 230 finished with value: 0.2832093116834248 and parameters: {'num_range_data': 759, 'voxel_filter_size': 0.19228620983599176, 'optimize_every_n_nodes': 590}. Best is trial 205 with value: 0.08247601018404224.
[1750376051.067834854] Start trial 231
Trial 231 finished with value: 0.1591518552243846 and parameters: {'num_range_data': 737, 'voxel_filter_size': 0.08834668329405175, 'optimize_every_n_nodes': 423}. Best is trial 205 with value: 0.08247601018404224.
[1750376106.232953072] Start trial 232
Trial 232 finished with value: 0.21301367306591365 and parameters: {'num_range_data': 824, 'voxel_filter_size': 0.14030211119290448, 'optimize_every_n_nodes': 555}. Best is trial 205 with value: 0.08247601018404224.
[1750376153.148721457] Start trial 233
Trial 233 finished with value: 0.21867575889295282 and parameters: {'num_range_data': 715, 'voxel_filter_size': 0.23662732883610982, 'optimize_every_n_nodes': 520}. Best is trial 205 with value: 0.08247601018404224.
[1750376194.080182076] Start trial 234
Trial 234 finished with value: 0.4537003695275192 and parameters: {'num_range_data': 885, 'voxel_filter_size': 0.05660903447799388, 'optimize_every_n_nodes': 501}. Best is trial 205 with value: 0.08247601018404224.
[1750376254.318923950] Start trial 235
Trial 235 finished with value: 0.10387016974147388 and parameters: {'num_range_data': 821, 'voxel_filter_size': 0.07460224390349772, 'optimize_every_n_nodes': 521}. Best is trial 205 with value: 0.08247601018404224.
[1750376311.254864931] Start trial 236
Trial 236 finished with value: 0.4007888060702762 and parameters: {'num_range_data': 841, 'voxel_filter_size': 0.0760632591220856, 'optimize_every_n_nodes': 525}. Best is trial 205 with value: 0.08247601018404224.
[1750376368.475579023] Start trial 237
Trial 237 finished with value: 0.22253907410655013 and parameters: {'num_range_data': 809, 'voxel_filter_size': 0.12319178504699856, 'optimize_every_n_nodes': 475}. Best is trial 205 with value: 0.08247601018404224.
[1750376418.087925434] Start trial 238
Trial 238 finished with value: 0.26044216944826537 and parameters: {'num_range_data': 832, 'voxel_filter_size': 0.07036771845209652, 'optimize_every_n_nodes': 571}. Best is trial 205 with value: 0.08247601018404224.
[1750376474.335206747] Start trial 239
Trial 239 finished with value: 0.39779851654854775 and parameters: {'num_range_data': 794, 'voxel_filter_size': 0.2629627426288629, 'optimize_every_n_nodes': 491}. Best is trial 205 with value: 0.08247601018404224.
[1750376515.015519142] Start trial 240
Trial 240 finished with value: 0.24276050199957575 and parameters: {'num_range_data': 892, 'voxel_filter_size': 0.1089266327143817, 'optimize_every_n_nodes': 540}. Best is trial 205 with value: 0.08247601018404224.
[1750376565.065573692] Start trial 241
