Trial 241 finished with value: 0.2602432750029612 and parameters: {'num_range_data': 801, 'voxel_filter_size': 0.09589112047364373, 'optimize_every_n_nodes': 466}. Best is trial 205 with value: 0.08247601018404224.
[1750376618.342037678] Start trial 242
Trial 242 finished with value: 0.16024765207148003 and parameters: {'num_range_data': 824, 'voxel_filter_size': 0.37411324404414503, 'optimize_every_n_nodes': 558}. Best is trial 205 with value: 0.08247601018404224.
[1750376653.983959436] Start trial 243
Trial 243 finished with value: 0.31035848770533153 and parameters: {'num_range_data': 815, 'voxel_filter_size': 0.0803354477813617, 'optimize_every_n_nodes': 591}. Best is trial 205 with value: 0.08247601018404224.
[1750376709.352478504] Start trial 244
Trial 244 finished with value: 0.2578974256365223 and parameters: {'num_range_data': 846, 'voxel_filter_size': 0.05289196824197594, 'optimize_every_n_nodes': 446}. Best is trial 205 with value: 0.08247601018404224.
[1750376771.461859703] Start trial 245
Trial 245 finished with value: 0.2169529933442816 and parameters: {'num_range_data': 820, 'voxel_filter_size': 0.08850218325413711, 'optimize_every_n_nodes': 512}. Best is trial 205 with value: 0.08247601018404224.
[1750376826.228776693] Start trial 246
Trial 246 finished with value: 0.12874788999770712 and parameters: {'num_range_data': 837, 'voxel_filter_size': 0.21666108224231576, 'optimize_every_n_nodes': 506}. Best is trial 205 with value: 0.08247601018404224.
[1750376868.057485819] Start trial 247
Trial 247 finished with value: 0.46840401526251046 and parameters: {'num_range_data': 835, 'voxel_filter_size': 0.30166958492797397, 'optimize_every_n_nodes': 480}. Best is trial 205 with value: 0.08247601018404224.
[1750376905.951706409] Start trial 248
Trial 248 finished with value: 0.2108248624934242 and parameters: {'num_range_data': 856, 'voxel_filter_size': 0.21713674713937, 'optimize_every_n_nodes': 502}. Best is trial 205 with value: 0.08247601018404224.
[1750376947.106945515] Start trial 249
Trial 249 finished with value: 0.20080669574119797 and parameters: {'num_range_data': 811, 'voxel_filter_size': 0.3267989881156394, 'optimize_every_n_nodes': 531}. Best is trial 205 with value: 0.08247601018404224.
[1750376983.976643324] Start trial 250
Trial 250 finished with value: 0.1585734362106407 and parameters: {'num_range_data': 803, 'voxel_filter_size': 0.2765532720510216, 'optimize_every_n_nodes': 493}. Best is trial 205 with value: 0.08247601018404224.
[1750377023.153258085] Start trial 251
Trial 251 finished with value: 0.1109558191579114 and parameters: {'num_range_data': 869, 'voxel_filter_size': 0.10219808910315989, 'optimize_every_n_nodes': 582}. Best is trial 205 with value: 0.08247601018404224.
[1750377074.280334711] Start trial 252
Trial 252 finished with value: 0.1443208896509833 and parameters: {'num_range_data': 866, 'voxel_filter_size': 0.10300637015115213, 'optimize_every_n_nodes': 580}. Best is trial 205 with value: 0.08247601018404224.
[1750377125.277673721] Start trial 253
Trial 253 finished with value: 0.09968034419554189 and parameters: {'num_range_data': 868, 'voxel_filter_size': 0.10623570214568122, 'optimize_every_n_nodes': 584}. Best is trial 205 with value: 0.08247601018404224.
[1750377176.220051050] Start trial 254
Trial 254 finished with value: 0.40057619567958724 and parameters: {'num_range_data': 877, 'voxel_filter_size': 0.07369307460550376, 'optimize_every_n_nodes': 600}. Best is trial 205 with value: 0.08247601018404224.
[1750377232.432166338] Start trial 255
Trial 255 finished with value: 0.25320265106458856 and parameters: {'num_range_data': 889, 'voxel_filter_size': 0.09388544467210089, 'optimize_every_n_nodes': 584}. Best is trial 205 with value: 0.08247601018404224.
[1750377285.296601772] Start trial 256
Trial 256 finished with value: 0.12164767993452755 and parameters: {'num_range_data': 900, 'voxel_filter_size': 0.1958064993367844, 'optimize_every_n_nodes': 570}. Best is trial 205 with value: 0.08247601018404224.
[1750377327.011811733] Start trial 257
Trial 257 finished with value: 0.20795822181766213 and parameters: {'num_range_data': 899, 'voxel_filter_size': 0.2002318810185616, 'optimize_every_n_nodes': 566}. Best is trial 205 with value: 0.08247601018404224.
[1750377369.077570200] Start trial 258
Trial 258 finished with value: 0.2701418807201728 and parameters: {'num_range_data': 871, 'voxel_filter_size': 0.2249961900942366, 'optimize_every_n_nodes': 547}. Best is trial 205 with value: 0.08247601018404224.
[1750377409.971302748] Start trial 259
Trial 259 finished with value: 0.17112874018504717 and parameters: {'num_range_data': 893, 'voxel_filter_size': 0.1906714265042586, 'optimize_every_n_nodes': 565}. Best is trial 205 with value: 0.08247601018404224.
[1750377452.078020811] Start trial 260
Trial 260 finished with value: 0.24048897362111737 and parameters: {'num_range_data': 877, 'voxel_filter_size': 0.2361474308581359, 'optimize_every_n_nodes': 589}. Best is trial 205 with value: 0.08247601018404224.
[1750377492.073101521] Start trial 261
Trial 261 finished with value: 0.2794611207193712 and parameters: {'num_range_data': 881, 'voxel_filter_size': 0.11170454185548355, 'optimize_every_n_nodes': 573}. Best is trial 205 with value: 0.08247601018404224.
[1750377541.957504749] Start trial 262
Trial 262 finished with value: 0.31654325571702535 and parameters: {'num_range_data': 864, 'voxel_filter_size': 0.3963250569544659, 'optimize_every_n_nodes': 596}. Best is trial 205 with value: 0.08247601018404224.
[1750377576.882824421] Start trial 263
Trial 263 finished with value: 0.20913909413899381 and parameters: {'num_range_data': 838, 'voxel_filter_size': 0.2153779874663201, 'optimize_every_n_nodes': 574}. Best is trial 205 with value: 0.08247601018404224.
[1750377618.014653444] Start trial 264
Trial 264 finished with value: 0.2188850500225245 and parameters: {'num_range_data': 887, 'voxel_filter_size': 0.062337435923458154, 'optimize_every_n_nodes': 463}. Best is trial 205 with value: 0.08247601018404224.
[1750377676.301904202] Start trial 265
Trial 265 finished with value: 0.1291461918891575 and parameters: {'num_range_data': 899, 'voxel_filter_size': 0.10019667466856232, 'optimize_every_n_nodes': 550}. Best is trial 205 with value: 0.08247601018404224.
[1750377729.330194235] Start trial 266
Trial 266 finished with value: 0.13069926314422517 and parameters: {'num_range_data': 900, 'voxel_filter_size': 0.10075159412560111, 'optimize_every_n_nodes': 549}. Best is trial 205 with value: 0.08247601018404224.
[1750377780.295486212] Start trial 267
Trial 267 finished with value: 0.21170973443753596 and parameters: {'num_range_data': 849, 'voxel_filter_size': 0.0811976874826993, 'optimize_every_n_nodes': 551}. Best is trial 205 with value: 0.08247601018404224.
[1750377835.328080416] Start trial 268
Trial 268 finished with value: 0.27271617101439616 and parameters: {'num_range_data': 829, 'voxel_filter_size': 0.10202681675128372, 'optimize_every_n_nodes': 536}. Best is trial 205 with value: 0.08247601018404224.
[1750377887.180830002] Start trial 269
Trial 269 finished with value: 0.2985267974047812 and parameters: {'num_range_data': 894, 'voxel_filter_size': 0.13280822335768547, 'optimize_every_n_nodes': 562}. Best is trial 205 with value: 0.08247601018404224.
[1750377934.104805231] Start trial 270
Trial 270 finished with value: 0.6307969109506669 and parameters: {'num_range_data': 856, 'voxel_filter_size': 0.1516891410199899, 'optimize_every_n_nodes': 542}. Best is trial 205 with value: 0.08247601018404224.
[1750377979.230029583] Start trial 271
Trial 271 finished with value: 0.1526239023480962 and parameters: {'num_range_data': 845, 'voxel_filter_size': 0.11061969648244413, 'optimize_every_n_nodes': 213}. Best is trial 205 with value: 0.08247601018404224.
[1750378029.262232304] Start trial 272
Trial 272 finished with value: 0.2638391557501432 and parameters: {'num_range_data': 883, 'voxel_filter_size': 0.09899983947355931, 'optimize_every_n_nodes': 552}. Best is trial 205 with value: 0.08247601018404224.
[1750378080.686917067] Start trial 273
Trial 273 finished with value: 0.355378549431288 and parameters: {'num_range_data': 826, 'voxel_filter_size': 0.1227732714425091, 'optimize_every_n_nodes': 521}. Best is trial 205 with value: 0.08247601018404224.
[1750378129.060892820] Start trial 274
Trial 274 finished with value: 0.5761614749149155 and parameters: {'num_range_data': 869, 'voxel_filter_size': 0.08916938555338533, 'optimize_every_n_nodes': 557}. Best is trial 205 with value: 0.08247601018404224.
[1750378182.167002201] Start trial 275
Trial 275 finished with value: 0.23479675877622014 and parameters: {'num_range_data': 900, 'voxel_filter_size': 0.0679544656964344, 'optimize_every_n_nodes': 530}. Best is trial 205 with value: 0.08247601018404224.
[1750378239.461766720] Start trial 276
Trial 276 finished with value: 0.27247893830456554 and parameters: {'num_range_data': 789, 'voxel_filter_size': 0.1189821964525756, 'optimize_every_n_nodes': 454}. Best is trial 205 with value: 0.08247601018404224.
[1750378289.289528131] Start trial 277
Trial 277 finished with value: 0.08194213943939739 and parameters: {'num_range_data': 837, 'voxel_filter_size': 0.0797403206545747, 'optimize_every_n_nodes': 574}. Best is trial 277 with value: 0.08194213943939739.
[1750378344.320913553] Start trial 278
Trial 278 finished with value: 0.2999143201832047 and parameters: {'num_range_data': 861, 'voxel_filter_size': 0.08024745158061683, 'optimize_every_n_nodes': 578}. Best is trial 277 with value: 0.08194213943939739.
[1750378399.424619198] Start trial 279
Trial 279 finished with value: 0.15205797456689274 and parameters: {'num_range_data': 651, 'voxel_filter_size': 0.062013182223895666, 'optimize_every_n_nodes': 423}. Best is trial 277 with value: 0.08194213943939739.
[1750378461.484678030] Start trial 280
Trial 280 finished with value: 0.3312359811824027 and parameters: {'num_range_data': 840, 'voxel_filter_size': 0.07197936657426898, 'optimize_every_n_nodes': 571}. Best is trial 277 with value: 0.08194213943939739.
[1750378519.457415581] Start trial 281
Trial 281 finished with value: 0.13152934987324796 and parameters: {'num_range_data': 834, 'voxel_filter_size': 0.08458293083564841, 'optimize_every_n_nodes': 584}. Best is trial 277 with value: 0.08194213943939739.
[1750378575.184106588] Start trial 282
Trial 282 finished with value: 0.24879627149044709 and parameters: {'num_range_data': 851, 'voxel_filter_size': 0.05600292804726844, 'optimize_every_n_nodes': 588}. Best is trial 277 with value: 0.08194213943939739.
[1750378636.907916069] Start trial 283
Trial 283 finished with value: 0.18797497782365144 and parameters: {'num_range_data': 834, 'voxel_filter_size': 0.08209391881234347, 'optimize_every_n_nodes': 584}. Best is trial 277 with value: 0.08194213943939739.
[1750378693.363570929] Start trial 284
Trial 284 finished with value: 0.20857289919131222 and parameters: {'num_range_data': 871, 'voxel_filter_size': 0.05011275654886619, 'optimize_every_n_nodes': 393}. Best is trial 277 with value: 0.08194213943939739.
[1750378756.441400766] Start trial 285
Trial 285 finished with value: 0.40348831994756607 and parameters: {'num_range_data': 844, 'voxel_filter_size': 0.08953162856286187, 'optimize_every_n_nodes': 352}. Best is trial 277 with value: 0.08194213943939739.
[1750378810.334865332] Start trial 286
Trial 286 finished with value: 0.12530412063891447 and parameters: {'num_range_data': 816, 'voxel_filter_size': 0.06720675604999594, 'optimize_every_n_nodes': 560}. Best is trial 277 with value: 0.08194213943939739.
[1750378868.625985384] Start trial 287
Trial 287 finished with value: 0.3178990498665494 and parameters: {'num_range_data': 818, 'voxel_filter_size': 0.06752132576237374, 'optimize_every_n_nodes': 563}. Best is trial 277 with value: 0.08194213943939739.
[1750378927.310068369] Start trial 288
Trial 288 finished with value: 0.22109248738384982 and parameters: {'num_range_data': 812, 'voxel_filter_size': 0.07815433251275562, 'optimize_every_n_nodes': 546}. Best is trial 277 with value: 0.08194213943939739.
[1750378983.248558044] Start trial 289
Trial 289 finished with value: 0.2705948574413583 and parameters: {'num_range_data': 829, 'voxel_filter_size': 0.09704475332933088, 'optimize_every_n_nodes': 574}. Best is trial 277 with value: 0.08194213943939739.
[1750379036.227201462] Start trial 290
Trial 290 finished with value: 0.17013037236647666 and parameters: {'num_range_data': 835, 'voxel_filter_size': 0.058541144883436175, 'optimize_every_n_nodes': 596}. Best is trial 277 with value: 0.08194213943939739.
[1750379096.365723848] Start trial 291
Trial 291 finished with value: 0.21488907924086548 and parameters: {'num_range_data': 888, 'voxel_filter_size': 0.08626275840760794, 'optimize_every_n_nodes': 558}. Best is trial 277 with value: 0.08194213943939739.
[1750379151.371389389] Start trial 292
Trial 292 finished with value: 0.1421661369955573 and parameters: {'num_range_data': 819, 'voxel_filter_size': 0.10406526748547967, 'optimize_every_n_nodes': 568}. Best is trial 277 with value: 0.08194213943939739.
[1750379202.264407396] Start trial 293
Trial 293 finished with value: 0.2897294636180907 and parameters: {'num_range_data': 878, 'voxel_filter_size': 0.07228431565654092, 'optimize_every_n_nodes': 588}. Best is trial 277 with value: 0.08194213943939739.
[1750379258.835519314] Start trial 294
Trial 294 finished with value: 0.21449921557011783 and parameters: {'num_range_data': 856, 'voxel_filter_size': 0.18299353171514476, 'optimize_every_n_nodes': 576}. Best is trial 277 with value: 0.08194213943939739.
[1750379303.232973337] Start trial 295
Trial 295 finished with value: 0.24015067143017205 and parameters: {'num_range_data': 823, 'voxel_filter_size': 0.09357684992312856, 'optimize_every_n_nodes': 540}. Best is trial 277 with value: 0.08194213943939739.
[1750379356.206746578] Start trial 296
Trial 296 finished with value: 0.21440712855895472 and parameters: {'num_range_data': 808, 'voxel_filter_size': 0.06499519298512157, 'optimize_every_n_nodes': 580}. Best is trial 277 with value: 0.08194213943939739.
[1750379414.308203220] Start trial 297
Trial 297 finished with value: 0.2307946105285394 and parameters: {'num_range_data': 893, 'voxel_filter_size': 0.20361904810691617, 'optimize_every_n_nodes': 553}. Best is trial 277 with value: 0.08194213943939739.
[1750379457.122760296] Start trial 298
Trial 298 finished with value: 0.09273455915326625 and parameters: {'num_range_data': 814, 'voxel_filter_size': 0.08385682067403208, 'optimize_every_n_nodes': 564}. Best is trial 277 with value: 0.08194213943939739.
[1750379512.456598520] Start trial 299
Trial 299 finished with value: 0.16261220068159826 and parameters: {'num_range_data': 817, 'voxel_filter_size': 0.08070933681859563, 'optimize_every_n_nodes': 566}. Best is trial 277 with value: 0.08194213943939739.
[1750379567.302147865] Start trial 300
Trial 300 finished with value: 0.11598198104539037 and parameters: {'num_range_data': 797, 'voxel_filter_size': 0.07446904639685857, 'optimize_every_n_nodes': 600}. Best is trial 277 with value: 0.08194213943939739.
[1750379623.501161098] Start trial 301
Trial 301 finished with value: 0.17749140468945182 and parameters: {'num_range_data': 804, 'voxel_filter_size': 0.07419188769849219, 'optimize_every_n_nodes': 592}. Best is trial 277 with value: 0.08194213943939739.
[1750379681.349976063] Start trial 302
Trial 302 finished with value: 0.364722955862817 and parameters: {'num_range_data': 799, 'voxel_filter_size': 0.08612105828004887, 'optimize_every_n_nodes': 585}. Best is trial 277 with value: 0.08194213943939739.
[1750379736.350373983] Start trial 303
Trial 303 finished with value: 0.44378198231569044 and parameters: {'num_range_data': 780, 'voxel_filter_size': 0.10027532734921236, 'optimize_every_n_nodes': 600}. Best is trial 277 with value: 0.08194213943939739.
[1750379789.195070982] Start trial 304
Trial 304 finished with value: 0.23402313927312268 and parameters: {'num_range_data': 829, 'voxel_filter_size': 0.09285854616251187, 'optimize_every_n_nodes': 570}. Best is trial 277 with value: 0.08194213943939739.
[1750379842.316184998] Start trial 305
Trial 305 finished with value: 0.41918384785606255 and parameters: {'num_range_data': 813, 'voxel_filter_size': 0.10642858897851466, 'optimize_every_n_nodes': 559}. Best is trial 277 with value: 0.08194213943939739.
[1750379893.298086643] Start trial 306
Trial 306 finished with value: 0.26045009859584556 and parameters: {'num_range_data': 793, 'voxel_filter_size': 0.07595636275669923, 'optimize_every_n_nodes': 583}. Best is trial 277 with value: 0.08194213943939739.
[1750379949.532320499] Start trial 307
Trial 307 finished with value: 0.3051696548185457 and parameters: {'num_range_data': 837, 'voxel_filter_size': 0.0674652533428729, 'optimize_every_n_nodes': 576}. Best is trial 277 with value: 0.08194213943939739.
[1750380007.528191090] Start trial 308
Trial 308 finished with value: 0.2155224822147981 and parameters: {'num_range_data': 825, 'voxel_filter_size': 0.08608102085056862, 'optimize_every_n_nodes': 594}. Best is trial 277 with value: 0.08194213943939739.
[1750380063.322870970] Start trial 309
Trial 309 finished with value: 0.3119063913851646 and parameters: {'num_range_data': 810, 'voxel_filter_size': 0.06047773368086287, 'optimize_every_n_nodes': 261}. Best is trial 277 with value: 0.08194213943939739.
[1750380123.513004065] Start trial 310
Trial 310 finished with value: 0.18666973431287207 and parameters: {'num_range_data': 771, 'voxel_filter_size': 0.09830033585487367, 'optimize_every_n_nodes': 550}. Best is trial 277 with value: 0.08194213943939739.
[1750380177.323931217] Start trial 311
Trial 311 finished with value: 0.2615271529649953 and parameters: {'num_range_data': 900, 'voxel_filter_size': 0.08002036965877707, 'optimize_every_n_nodes': 566}. Best is trial 277 with value: 0.08194213943939739.
[1750380231.344483376] Start trial 312
Trial 312 finished with value: 0.1595665546763628 and parameters: {'num_range_data': 832, 'voxel_filter_size': 0.09048661293979912, 'optimize_every_n_nodes': 409}. Best is trial 277 with value: 0.08194213943939739.
[1750380285.139827728] Start trial 313
Trial 313 finished with value: 0.2562394528361551 and parameters: {'num_range_data': 820, 'voxel_filter_size': 0.11332666371522526, 'optimize_every_n_nodes': 582}. Best is trial 277 with value: 0.08194213943939739.
[1750380335.039446592] Start trial 314
Trial 314 finished with value: 0.21107343671024947 and parameters: {'num_range_data': 884, 'voxel_filter_size': 0.0716007106911909, 'optimize_every_n_nodes': 562}. Best is trial 277 with value: 0.08194213943939739.
[1750380391.454105616] Start trial 315
Trial 315 finished with value: 0.1255751116409303 and parameters: {'num_range_data': 804, 'voxel_filter_size': 0.1076725360310776, 'optimize_every_n_nodes': 543}. Best is trial 277 with value: 0.08194213943939739.
[1750380443.259217739] Start trial 316
Trial 316 finished with value: 0.13716511048213606 and parameters: {'num_range_data': 795, 'voxel_filter_size': 0.100128480765151, 'optimize_every_n_nodes': 538}. Best is trial 277 with value: 0.08194213943939739.
[1750380495.229976892] Start trial 317
Trial 317 finished with value: 0.2513891091547797 and parameters: {'num_range_data': 813, 'voxel_filter_size': 0.1072634761939734, 'optimize_every_n_nodes': 554}. Best is trial 277 with value: 0.08194213943939739.
[1750380546.208661318] Start trial 318
Trial 318 finished with value: 0.23087794659013294 and parameters: {'num_range_data': 808, 'voxel_filter_size': 0.12803261414713243, 'optimize_every_n_nodes': 516}. Best is trial 277 with value: 0.08194213943939739.
[1750380594.089761734] Start trial 319
Trial 319 finished with value: 0.10297294990427139 and parameters: {'num_range_data': 799, 'voxel_filter_size': 0.08327644253243485, 'optimize_every_n_nodes': 544}. Best is trial 277 with value: 0.08194213943939739.
[1750380649.382100821] Start trial 320
Trial 320 finished with value: 0.14823334770522112 and parameters: {'num_range_data': 801, 'voxel_filter_size': 0.09336583834917322, 'optimize_every_n_nodes': 547}. Best is trial 277 with value: 0.08194213943939739.
[1750380702.317218542] Start trial 321
Trial 321 finished with value: 0.3131104988813356 and parameters: {'num_range_data': 789, 'voxel_filter_size': 0.0553840057237059, 'optimize_every_n_nodes': 526}. Best is trial 277 with value: 0.08194213943939739.
[1750380763.601848841] Start trial 322
Trial 322 finished with value: 0.23357081948773323 and parameters: {'num_range_data': 782, 'voxel_filter_size': 0.07640498490965708, 'optimize_every_n_nodes': 537}. Best is trial 277 with value: 0.08194213943939739.
[1750380821.379241705] Start trial 323
Trial 323 finished with value: 0.17612229797508822 and parameters: {'num_range_data': 801, 'voxel_filter_size': 0.06288195555321668, 'optimize_every_n_nodes': 543}. Best is trial 277 with value: 0.08194213943939739.
[1750380881.407897949] Start trial 324
Trial 324 finished with value: 0.2968607499408161 and parameters: {'num_range_data': 806, 'voxel_filter_size': 0.11653290351660928, 'optimize_every_n_nodes': 506}. Best is trial 277 with value: 0.08194213943939739.
[1750380932.187139034] Start trial 325
Trial 325 finished with value: 0.405466653930033 and parameters: {'num_range_data': 815, 'voxel_filter_size': 0.10749106585171973, 'optimize_every_n_nodes': 573}. Best is trial 277 with value: 0.08194213943939739.
[1750380982.044865608] Start trial 326
Trial 326 finished with value: 0.5741527521707318 and parameters: {'num_range_data': 824, 'voxel_filter_size': 0.16612049364614004, 'optimize_every_n_nodes': 559}. Best is trial 277 with value: 0.08194213943939739.
[1750381026.114761114] Start trial 327
