Trial 80 finished with values: [0.5317535092109852, 0.5450048794558873] and parameters: {'translation_weight': 7, 'rotation_weight': 47, 'num_range_data': 885, 'voxel_filter_size': 0.1503431091304706, 'optimize_every_n_nodes': 387}.
[1750678150.634147406] Start trial 81
Trial 81 finished with values: [0.5043425520759038, 0.6572942787556895] and parameters: {'translation_weight': 6, 'rotation_weight': 8, 'num_range_data': 624, 'voxel_filter_size': 0.380976922811854, 'optimize_every_n_nodes': 455}.
[1750678218.502875328] Start trial 82
Trial 82 finished with values: [0.5281584593790479, 0.25568753547875595] and parameters: {'translation_weight': 5, 'rotation_weight': 38, 'num_range_data': 764, 'voxel_filter_size': 0.06678610010123942, 'optimize_every_n_nodes': 506}.
[1750678324.824412823] Start trial 83
Trial 83 finished with values: [0.5198903343271345, 0.4459619911750029] and parameters: {'translation_weight': 6, 'rotation_weight': 39, 'num_range_data': 666, 'voxel_filter_size': 0.384786302283653, 'optimize_every_n_nodes': 310}.
[1750678393.718107224] Start trial 84
Trial 84 finished with values: [0.5349075154196091, 0.3288766830876929] and parameters: {'translation_weight': 10, 'rotation_weight': 30, 'num_range_data': 754, 'voxel_filter_size': 0.10308020467182108, 'optimize_every_n_nodes': 398}.
[1750678487.667083979] Start trial 85
Trial 85 finished with values: [0.5568765322497564, 0.21924783077196372] and parameters: {'translation_weight': 10, 'rotation_weight': 97, 'num_range_data': 653, 'voxel_filter_size': 0.3962179467411833, 'optimize_every_n_nodes': 427}.
[1750678555.137006998] Start trial 86
Trial 86 finished with values: [0.5473252783344558, 0.3321605461268195] and parameters: {'translation_weight': 8, 'rotation_weight': 99, 'num_range_data': 760, 'voxel_filter_size': 0.1435978193762426, 'optimize_every_n_nodes': 277}.
[1750678639.410371780] Start trial 87
Trial 87 finished with values: [0.5347799119483314, 0.30925036704945064] and parameters: {'translation_weight': 3, 'rotation_weight': 47, 'num_range_data': 822, 'voxel_filter_size': 0.32873532267952277, 'optimize_every_n_nodes': 303}.
[1750678707.378888369] Start trial 88
Trial 88 finished with values: [0.49906655113514425, 0.22599167062384828] and parameters: {'translation_weight': 2, 'rotation_weight': 16, 'num_range_data': 859, 'voxel_filter_size': 0.17335529798513538, 'optimize_every_n_nodes': 551}.
[1750678786.297973156] Start trial 89
Trial 89 finished with values: [0.533496072817643, 0.3911545892169197] and parameters: {'translation_weight': 8, 'rotation_weight': 75, 'num_range_data': 888, 'voxel_filter_size': 0.1030206200079267, 'optimize_every_n_nodes': 581}.
[1750678880.491729975] Start trial 90
Trial 90 finished with values: [0.516168034047458, 0.3642245757891466] and parameters: {'translation_weight': 7, 'rotation_weight': 55, 'num_range_data': 806, 'voxel_filter_size': 0.14407654014540766, 'optimize_every_n_nodes': 316}.
[1750678964.490338564] Start trial 91
Trial 91 finished with values: [0.5230935110227487, 0.9570512704749424] and parameters: {'translation_weight': 10, 'rotation_weight': 80, 'num_range_data': 884, 'voxel_filter_size': 0.05404846954225764, 'optimize_every_n_nodes': 474}.
[1750679076.036609888] Start trial 92
Trial 92 finished with values: [0.533777190481374, 0.2534738249137405] and parameters: {'translation_weight': 10, 'rotation_weight': 58, 'num_range_data': 682, 'voxel_filter_size': 0.14902788293317637, 'optimize_every_n_nodes': 344}.
[1750679160.481735706] Start trial 93
Trial 93 finished with values: [0.5145235613130253, 0.840181377093814] and parameters: {'translation_weight': 9, 'rotation_weight': 66, 'num_range_data': 760, 'voxel_filter_size': 0.1435978193762426, 'optimize_every_n_nodes': 550}.
[1750679246.235230446] Start trial 94
Trial 94 finished with values: [0.5356038001275661, 0.5447927970405968] and parameters: {'translation_weight': 10, 'rotation_weight': 39, 'num_range_data': 900, 'voxel_filter_size': 0.18018368569882387, 'optimize_every_n_nodes': 525}.
[1750679323.726923704] Start trial 95
Trial 95 finished with values: [0.5003037842336109, 0.1425894976479063] and parameters: {'translation_weight': 3, 'rotation_weight': 34, 'num_range_data': 834, 'voxel_filter_size': 0.1857836766864011, 'optimize_every_n_nodes': 363}.
[1750679400.273874521] Start trial 96
Trial 96 finished with values: [0.511180410993123, 0.4803801450092482] and parameters: {'translation_weight': 6, 'rotation_weight': 81, 'num_range_data': 792, 'voxel_filter_size': 0.2086530719093418, 'optimize_every_n_nodes': 556}.
[1750679477.733480692] Start trial 97
Trial 97 finished with values: [0.5465621287100075, 0.4037111703819813] and parameters: {'translation_weight': 8, 'rotation_weight': 17, 'num_range_data': 622, 'voxel_filter_size': 0.3558875807898876, 'optimize_every_n_nodes': 237}.
[1750679546.367425680] Start trial 98
Trial 98 finished with values: [0.5371739338928786, 0.2195413918711674] and parameters: {'translation_weight': 3, 'rotation_weight': 22, 'num_range_data': 624, 'voxel_filter_size': 0.380976922811854, 'optimize_every_n_nodes': 353}.
[1750679613.987926245] Start trial 99
Trial 99 finished with values: [0.5170594201353058, 0.4105974968052919] and parameters: {'translation_weight': 3, 'rotation_weight': 74, 'num_range_data': 645, 'voxel_filter_size': 0.1030206200079267, 'optimize_every_n_nodes': 255}.
[1750679710.652587175] Start trial 100
Trial 100 finished with values: [0.4959384864723007, 0.19772349565300687] and parameters: {'translation_weight': 3, 'rotation_weight': 5, 'num_range_data': 624, 'voxel_filter_size': 0.12864619206133304, 'optimize_every_n_nodes': 309}.
[1750679800.708977461] Start trial 101
Trial 101 finished with values: [0.5192071466573877, 0.7970628538149302] and parameters: {'translation_weight': 9, 'rotation_weight': 5, 'num_range_data': 624, 'voxel_filter_size': 0.3607619691894323, 'optimize_every_n_nodes': 309}.
[1750679868.619129658] Start trial 102
Trial 102 finished with values: [0.5306433497803753, 0.6038359661290876] and parameters: {'translation_weight': 4, 'rotation_weight': 80, 'num_range_data': 742, 'voxel_filter_size': 0.2941486026109237, 'optimize_every_n_nodes': 464}.
[1750679939.033681393] Start trial 103
Trial 103 finished with values: [0.5251188202809802, 0.4504529965749999] and parameters: {'translation_weight': 7, 'rotation_weight': 74, 'num_range_data': 785, 'voxel_filter_size': 0.36975041510943774, 'optimize_every_n_nodes': 531}.
[1750680007.003474951] Start trial 104
Trial 104 finished with values: [0.5226271581669448, 0.42804360147338083] and parameters: {'translation_weight': 9, 'rotation_weight': 56, 'num_range_data': 645, 'voxel_filter_size': 0.1030206200079267, 'optimize_every_n_nodes': 255}.
[1750680101.285408974] Start trial 105
Trial 105 finished with values: [0.5081971490140426, 0.6292945047727551] and parameters: {'translation_weight': 7, 'rotation_weight': 81, 'num_range_data': 754, 'voxel_filter_size': 0.10308020467182108, 'optimize_every_n_nodes': 531}.
[1750680196.078956127] Start trial 106
Trial 106 finished with values: [0.5205508694867942, 0.3631528248742351] and parameters: {'translation_weight': 1, 'rotation_weight': 26, 'num_range_data': 671, 'voxel_filter_size': 0.05404846954225764, 'optimize_every_n_nodes': 310}.
[1750680310.509418488] Start trial 107
Trial 107 finished with values: [0.5400446151213099, 0.7137857150845421] and parameters: {'translation_weight': 3, 'rotation_weight': 74, 'num_range_data': 809, 'voxel_filter_size': 0.06741479213170545, 'optimize_every_n_nodes': 531}.
[1750680415.884876251] Start trial 108
Trial 108 finished with values: [0.5035194804433795, 0.48451419930789036] and parameters: {'translation_weight': 6, 'rotation_weight': 27, 'num_range_data': 859, 'voxel_filter_size': 0.2956745626203107, 'optimize_every_n_nodes': 277}.
[1750680485.365076303] Start trial 109
Trial 109 finished with values: [0.5468510651010031, 0.8799897890927668] and parameters: {'translation_weight': 4, 'rotation_weight': 93, 'num_range_data': 660, 'voxel_filter_size': 0.2916744130213952, 'optimize_every_n_nodes': 597}.
[1750680557.219789028] Start trial 110
Trial 110 finished with values: [0.5233843998799503, 0.5604237488773308] and parameters: {'translation_weight': 7, 'rotation_weight': 81, 'num_range_data': 894, 'voxel_filter_size': 0.3509490927132034, 'optimize_every_n_nodes': 464}.
[1750680624.033894062] Start trial 111
Trial 111 finished with values: [0.5207361483668167, 0.38779780150276766] and parameters: {'translation_weight': 9, 'rotation_weight': 13, 'num_range_data': 644, 'voxel_filter_size': 0.14902788293317637, 'optimize_every_n_nodes': 358}.
[1750680706.936196327] Start trial 112
Trial 112 finished with values: [0.5395676008847075, 0.3303881650045419] and parameters: {'translation_weight': 3, 'rotation_weight': 26, 'num_range_data': 810, 'voxel_filter_size': 0.39316583877555006, 'optimize_every_n_nodes': 255}.
[1750680773.631403446] Start trial 113
Trial 113 finished with values: [0.49831943181409316, 0.5204149858161283] and parameters: {'translation_weight': 3, 'rotation_weight': 29, 'num_range_data': 684, 'voxel_filter_size': 0.1503431091304706, 'optimize_every_n_nodes': 600}.
[1750680856.244604349] Start trial 114
Trial 114 finished with values: [0.5465376243686151, 0.4032541468599634] and parameters: {'translation_weight': 8, 'rotation_weight': 17, 'num_range_data': 859, 'voxel_filter_size': 0.3558875807898876, 'optimize_every_n_nodes': 277}.
[1750680922.448325396] Start trial 115
Trial 115 finished with values: [0.5666114232091239, 0.9727068509749465] and parameters: {'translation_weight': 9, 'rotation_weight': 5, 'num_range_data': 859, 'voxel_filter_size': 0.35846497911606373, 'optimize_every_n_nodes': 395}.
[1750680989.825912237] Start trial 116
Trial 116 finished with values: [0.5147504799106236, 0.7053746975839664] and parameters: {'translation_weight': 7, 'rotation_weight': 43, 'num_range_data': 684, 'voxel_filter_size': 0.0641038967088054, 'optimize_every_n_nodes': 387}.
[1750681099.770691633] Start trial 117
Trial 117 finished with values: [0.52884908353436, 0.7221142511059113] and parameters: {'translation_weight': 7, 'rotation_weight': 60, 'num_range_data': 897, 'voxel_filter_size': 0.1503431091304706, 'optimize_every_n_nodes': 542}.
[1750681182.092547417] Start trial 118
Trial 118 finished with values: [0.5538016206927748, 0.24134567150480524] and parameters: {'translation_weight': 5, 'rotation_weight': 99, 'num_range_data': 754, 'voxel_filter_size': 0.06678610010123942, 'optimize_every_n_nodes': 525}.
[1750681289.279244900] Start trial 119
Trial 119 finished with values: [0.5332996441799053, 0.21339766781720643] and parameters: {'translation_weight': 8, 'rotation_weight': 63, 'num_range_data': 897, 'voxel_filter_size': 0.2176201505013517, 'optimize_every_n_nodes': 337}.
[1750681364.247861147] Start trial 120
Trial 120 finished with values: [0.5321547272955468, 0.5313956247896575] and parameters: {'translation_weight': 6, 'rotation_weight': 22, 'num_range_data': 729, 'voxel_filter_size': 0.17001139298932366, 'optimize_every_n_nodes': 505}.
[1750681443.946047544] Start trial 121
Trial 121 finished with values: [0.5152785537454803, 0.4242256673957891] and parameters: {'translation_weight': 10, 'rotation_weight': 24, 'num_range_data': 884, 'voxel_filter_size': 0.25315260721555033, 'optimize_every_n_nodes': 531}.
[1750681514.434552908] Start trial 122
Trial 122 finished with values: [0.5424788897455705, 0.33089009069759556] and parameters: {'translation_weight': 9, 'rotation_weight': 78, 'num_range_data': 730, 'voxel_filter_size': 0.25016095232122093, 'optimize_every_n_nodes': 355}.
[1750681587.448691368] Start trial 123
Trial 123 finished with values: [0.49594578187505883, 0.19689486887138402] and parameters: {'translation_weight': 3, 'rotation_weight': 5, 'num_range_data': 675, 'voxel_filter_size': 0.12864619206133304, 'optimize_every_n_nodes': 600}.
[1750681676.305436611] Start trial 124
Trial 124 finished with values: [0.5607798848918258, 0.27907528762984746] and parameters: {'translation_weight': 9, 'rotation_weight': 99, 'num_range_data': 754, 'voxel_filter_size': 0.10308020467182108, 'optimize_every_n_nodes': 483}.
[1750681772.491984844] Start trial 125
Trial 125 finished with values: [0.5136701722042405, 0.42210319917589795] and parameters: {'translation_weight': 5, 'rotation_weight': 63, 'num_range_data': 884, 'voxel_filter_size': 0.05404846954225764, 'optimize_every_n_nodes': 474}.
[1750681883.916123390] Start trial 126
Trial 126 finished with values: [0.5394639295441622, 0.580218972217279] and parameters: {'translation_weight': 3, 'rotation_weight': 74, 'num_range_data': 624, 'voxel_filter_size': 0.30312917730077027, 'optimize_every_n_nodes': 319}.
[1750681956.115884542] Start trial 127
Trial 127 finished with values: [0.5178744782633028, 0.37052524869548764] and parameters: {'translation_weight': 9, 'rotation_weight': 13, 'num_range_data': 760, 'voxel_filter_size': 0.39823913455615717, 'optimize_every_n_nodes': 321}.
NumExpr defaulting to 16 threads.
